[2025-07-11T17:30:21,105Z] [0:0:0:0:0:0:0:1 -> webapi-2  ] HEAD  200 219ms  /
[2025-07-11T17:30:51,394Z] [0:0:0:0:0:0:0:1 -> webapi-2  ] HEAD  200 2ms    /
[2025-07-11T17:31:21,693Z] [     172.18.0.1 -> inform-1  ] GET   302 59ms   /
[2025-07-11T17:31:21,709Z] [0:0:0:0:0:0:0:1 -> webapi-1  ] HEAD  302 10ms   /
[2025-07-11T17:31:21,735Z] [0:0:0:0:0:0:0:1 -> webapi-1  ] HEAD  200 23ms   /setup/
[2025-07-11T17:31:24,256Z] [     172.18.0.1 -> webapi-1  ] GET   302 4ms    /
[2025-07-11T17:31:24,477Z] [     172.18.0.1 -> webapi-1  ] GET   200 6ms    /setup/
[2025-07-11T17:31:24,979Z] [     172.18.0.1 -> webapi-2  ] GET   200 23ms   /setup/static/js/main.7997cf149daff31b117c.js
[2025-07-11T17:31:25,119Z] [     172.18.0.1 -> webapi-1  ] GET   200 176ms  /setup/static/js/vendor.7997cf149daff31b117c.js
[2025-07-11T17:31:26,088Z] [     172.18.0.1 -> webapi-1  ] POST  200 12ms   /api/logout
[2025-07-11T17:31:26,225Z] [     172.18.0.1 -> webapi-1  ] GET   200 7ms    /setup/favicon.png
[2025-07-11T17:31:26,358Z] [     172.18.0.1 -> webapi-2  ] GET   200 13ms   /api/stat/sysinfo
[2025-07-11T17:31:26,977Z] [     172.18.0.1 -> webapi-2  ] GET   200 23ms   /setup/static/fonts/874b8e7bc7e8d1507b50f56bc6c9b536.woff
[2025-07-11T17:31:26,988Z] [     172.18.0.1 -> webapi-1  ] GET   200 16ms   /setup/static/fonts/b8ee546acd6cc0c49f42ad3d48ef244f.woff
[2025-07-11T17:31:27,020Z] [     172.18.0.1 -> webapi-4  ] GET   200 7ms    /api/stat/sdn
[2025-07-11T17:31:27,029Z] [     172.18.0.1 -> webapi-3  ] GET   200 12ms   /setup/static/images/c3686a3d067479d40dce0a214f8f9418.png
[2025-07-11T17:31:27,118Z] [     172.18.0.1 -> webapi-2  ] GET   200 4ms    /api/stat/ccode
[2025-07-11T17:31:27,230Z] [     172.18.0.1 -> webapi-1  ] POST  200 9ms    /api/stat/device
[2025-07-11T17:31:27,398Z] [     172.18.0.1 -> webapi-4  ] GET   200 95ms   /v2/api/site/default/apgroups
[2025-07-11T17:31:27,554Z] [     172.18.0.1 -> webapi-3  ] GET   200 87ms   /v2/api/timezones
[2025-07-11T17:31:51,812Z] [0:0:0:0:0:0:0:1 -> webapi-2  ] HEAD  302 4ms    /
[2025-07-11T17:31:51,820Z] [0:0:0:0:0:0:0:1 -> webapi-2  ] HEAD  200 4ms    /setup/
[2025-07-11T17:32:21,926Z] [0:0:0:0:0:0:0:1 -> webapi-1  ] HEAD  302 2ms    /
[2025-07-11T17:32:21,932Z] [0:0:0:0:0:0:0:1 -> webapi-6  ] HEAD  200 5ms    /setup/
[2025-07-11T17:32:52,026Z] [0:0:0:0:0:0:0:1 -> webapi-6  ] HEAD  302 3ms    /
[2025-07-11T17:32:52,031Z] [0:0:0:0:0:0:0:1 -> webapi-6  ] HEAD  200 3ms    /setup/
[2025-07-11T17:33:22,109Z] [0:0:0:0:0:0:0:1 -> webapi-2  ] HEAD  302 3ms    /
[2025-07-11T17:33:22,114Z] [0:0:0:0:0:0:0:1 -> webapi-2  ] HEAD  200 2ms    /setup/
[2025-07-11T17:33:52,199Z] [0:0:0:0:0:0:0:1 -> webapi-2  ] HEAD  302 4ms    /
[2025-07-11T17:33:52,205Z] [0:0:0:0:0:0:0:1 -> webapi-2  ] HEAD  200 5ms    /setup/
[2025-07-11T17:34:22,285Z] [0:0:0:0:0:0:0:1 -> webapi-6  ] HEAD  302 3ms    /
[2025-07-11T17:34:22,290Z] [0:0:0:0:0:0:0:1 -> webapi-6  ] HEAD  200 3ms    /setup/
[2025-07-11T17:34:52,366Z] [0:0:0:0:0:0:0:1 -> webapi-2  ] HEAD  302 3ms    /
[2025-07-11T17:34:52,369Z] [0:0:0:0:0:0:0:1 -> webapi-2  ] HEAD  200 2ms    /setup/
[2025-07-11T17:35:22,443Z] [0:0:0:0:0:0:0:1 -> webapi-6  ] HEAD  302 2ms    /
[2025-07-11T17:35:22,446Z] [0:0:0:0:0:0:0:1 -> webapi-6  ] HEAD  200 2ms    /setup/
[2025-07-11T17:35:52,525Z] [0:0:0:0:0:0:0:1 -> webapi-6  ] HEAD  302 4ms    /
[2025-07-11T17:35:52,532Z] [0:0:0:0:0:0:0:1 -> webapi-6  ] HEAD  200 5ms    /setup/
[2025-07-11T17:36:22,605Z] [0:0:0:0:0:0:0:1 -> webapi-2  ] HEAD  302 2ms    /
[2025-07-11T17:36:22,608Z] [0:0:0:0:0:0:0:1 -> webapi-6  ] HEAD  200 2ms    /setup/
[2025-07-11T17:36:52,683Z] [0:0:0:0:0:0:0:1 -> webapi-6  ] HEAD  302 2ms    /
[2025-07-11T17:36:52,687Z] [0:0:0:0:0:0:0:1 -> webapi-2  ] HEAD  200 2ms    /setup/
[2025-07-11T17:37:22,760Z] [0:0:0:0:0:0:0:1 -> webapi-2  ] HEAD  302 2ms    /
[2025-07-11T17:37:22,765Z] [0:0:0:0:0:0:0:1 -> webapi-2  ] HEAD  200 3ms    /setup/
[2025-07-11T17:37:52,841Z] [0:0:0:0:0:0:0:1 -> webapi-6  ] HEAD  302 2ms    /
[2025-07-11T17:37:52,845Z] [0:0:0:0:0:0:0:1 -> webapi-2  ] HEAD  200 2ms    /setup/
[2025-07-11T17:38:22,918Z] [0:0:0:0:0:0:0:1 -> webapi-2  ] HEAD  302 2ms    /
[2025-07-11T17:38:22,922Z] [0:0:0:0:0:0:0:1 -> webapi-6  ] HEAD  200 3ms    /setup/
[2025-07-11T17:38:53,023Z] [0:0:0:0:0:0:0:1 -> webapi-2  ] HEAD  302 8ms    /
[2025-07-11T17:38:53,041Z] [0:0:0:0:0:0:0:1 -> webapi-2  ] HEAD  200 12ms   /setup/
[2025-07-11T17:39:23,179Z] [0:0:0:0:0:0:0:1 -> webapi-2  ] HEAD  302 3ms    /
[2025-07-11T17:39:23,182Z] [0:0:0:0:0:0:0:1 -> webapi-2  ] HEAD  200 2ms    /setup/
[2025-07-11T17:39:50,969Z] [     172.18.0.1 -> inform-1  ] GET   302 0ms    /
[2025-07-11T17:39:51,342Z] [     172.18.0.1 -> webapi-2  ] GET   302 0ms    /
[2025-07-11T17:39:52,129Z] [     172.18.0.1 -> webapi-6  ] POST  200 4ms    /api/logout
[2025-07-11T17:39:52,540Z] [     172.18.0.1 -> webapi-6  ] GET   200 4ms    /api/stat/sysinfo
[2025-07-11T17:39:53,093Z] [     172.18.0.1 -> webapi-6  ] GET   200 2ms    /api/stat/sdn
[2025-07-11T17:39:53,358Z] [0:0:0:0:0:0:0:1 -> webapi-2  ] HEAD  302 20ms   /
[2025-07-11T17:39:53,367Z] [0:0:0:0:0:0:0:1 -> webapi-6  ] HEAD  200 6ms    /setup/
[2025-07-11T17:39:53,442Z] [     172.18.0.1 -> webapi-6  ] GET   200 26ms   /api/stat/ccode
[2025-07-11T17:39:53,697Z] [     172.18.0.1 -> webapi-6  ] POST  200 3ms    /api/stat/device
[2025-07-11T17:39:53,920Z] [     172.18.0.1 -> webapi-6  ] GET   200 7ms    /v2/api/site/default/apgroups
[2025-07-11T17:40:05,418Z] [     172.18.0.1 -> webapi-6  ] GET   302 1ms    /
[2025-07-11T17:40:06,518Z] [     172.18.0.1 -> webapi-2  ] POST  200 4ms    /api/logout
[2025-07-11T17:40:06,632Z] [     172.18.0.1 -> webapi-6  ] GET   200 3ms    /api/stat/sysinfo
[2025-07-11T17:40:06,781Z] [     172.18.0.1 -> webapi-6  ] GET   200 1ms    /api/stat/sdn
[2025-07-11T17:40:06,902Z] [     172.18.0.1 -> webapi-2  ] GET   200 3ms    /api/stat/ccode
[2025-07-11T17:40:07,009Z] [     172.18.0.1 -> webapi-6  ] POST  200 5ms    /api/stat/device
[2025-07-11T17:40:07,096Z] [     172.18.0.1 -> webapi-2  ] GET   200 5ms    /v2/api/site/default/apgroups
[2025-07-11T17:40:07,182Z] [     172.18.0.1 -> webapi-6  ] GET   200 11ms   /v2/api/timezones
[2025-07-11T17:40:23,454Z] [0:0:0:0:0:0:0:1 -> webapi-6  ] HEAD  302 3ms    /
[2025-07-11T17:40:23,459Z] [0:0:0:0:0:0:0:1 -> webapi-6  ] HEAD  200 3ms    /setup/
[2025-07-11T17:40:53,532Z] [0:0:0:0:0:0:0:1 -> webapi-8  ] HEAD  302 2ms    /
[2025-07-11T17:40:53,535Z] [0:0:0:0:0:0:0:1 -> webapi-2  ] HEAD  200 2ms    /setup/
[2025-07-11T17:41:23,606Z] [0:0:0:0:0:0:0:1 -> webapi-8  ] HEAD  302 2ms    /
[2025-07-11T17:41:23,610Z] [0:0:0:0:0:0:0:1 -> webapi-2  ] HEAD  200 2ms    /setup/
[2025-07-11T17:41:53,690Z] [0:0:0:0:0:0:0:1 -> webapi-2  ] HEAD  302 3ms    /
[2025-07-11T17:41:53,695Z] [0:0:0:0:0:0:0:1 -> webapi-2  ] HEAD  200 4ms    /setup/
[2025-07-11T17:42:23,768Z] [0:0:0:0:0:0:0:1 -> webapi-2  ] HEAD  302 2ms    /
[2025-07-11T17:42:23,771Z] [0:0:0:0:0:0:0:1 -> webapi-2  ] HEAD  200 2ms    /setup/
[2025-07-11T17:42:53,859Z] [0:0:0:0:0:0:0:1 -> webapi-8  ] HEAD  302 2ms    /
[2025-07-11T17:42:53,862Z] [0:0:0:0:0:0:0:1 -> webapi-8  ] HEAD  200 2ms    /setup/
[2025-07-11T17:43:23,938Z] [0:0:0:0:0:0:0:1 -> webapi-2  ] HEAD  302 2ms    /
[2025-07-11T17:43:23,940Z] [0:0:0:0:0:0:0:1 -> webapi-2  ] HEAD  200 1ms    /setup/
[2025-07-11T17:43:54,015Z] [0:0:0:0:0:0:0:1 -> webapi-8  ] HEAD  302 4ms    /
[2025-07-11T17:43:54,019Z] [0:0:0:0:0:0:0:1 -> webapi-8  ] HEAD  200 3ms    /setup/
[2025-07-11T17:44:24,093Z] [0:0:0:0:0:0:0:1 -> webapi-2  ] HEAD  302 1ms    /
[2025-07-11T17:44:24,096Z] [0:0:0:0:0:0:0:1 -> webapi-8  ] HEAD  200 2ms    /setup/
[2025-07-11T17:44:54,169Z] [0:0:0:0:0:0:0:1 -> webapi-8  ] HEAD  302 2ms    /
[2025-07-11T17:44:54,172Z] [0:0:0:0:0:0:0:1 -> webapi-2  ] HEAD  200 2ms    /setup/
[2025-07-11T17:45:24,242Z] [0:0:0:0:0:0:0:1 -> webapi-8  ] HEAD  302 1ms    /
[2025-07-11T17:45:24,247Z] [0:0:0:0:0:0:0:1 -> webapi-2  ] HEAD  200 4ms    /setup/
[2025-07-11T17:45:54,317Z] [0:0:0:0:0:0:0:1 -> webapi-2  ] HEAD  302 2ms    /
[2025-07-11T17:45:54,320Z] [0:0:0:0:0:0:0:1 -> webapi-2  ] HEAD  200 2ms    /setup/
[2025-07-11T17:46:24,392Z] [0:0:0:0:0:0:0:1 -> webapi-8  ] HEAD  302 1ms    /
[2025-07-11T17:46:24,395Z] [0:0:0:0:0:0:0:1 -> webapi-2  ] HEAD  200 2ms    /setup/
[2025-07-11T17:46:54,472Z] [0:0:0:0:0:0:0:1 -> webapi-2  ] HEAD  302 1ms    /
[2025-07-11T17:46:54,475Z] [0:0:0:0:0:0:0:1 -> webapi-8  ] HEAD  200 1ms    /setup/
[2025-07-11T17:47:24,591Z] [0:0:0:0:0:0:0:1 -> webapi-8  ] HEAD  302 2ms    /
[2025-07-11T17:47:24,595Z] [0:0:0:0:0:0:0:1 -> webapi-2  ] HEAD  200 3ms    /setup/
[2025-07-11T17:47:54,666Z] [0:0:0:0:0:0:0:1 -> webapi-2  ] HEAD  302 1ms    /
[2025-07-11T17:47:54,669Z] [0:0:0:0:0:0:0:1 -> webapi-8  ] HEAD  200 2ms    /setup/
[2025-07-11T17:48:24,745Z] [0:0:0:0:0:0:0:1 -> webapi-2  ] HEAD  302 2ms    /
[2025-07-11T17:48:24,751Z] [0:0:0:0:0:0:0:1 -> webapi-8  ] HEAD  200 5ms    /setup/
[2025-07-11T17:48:54,893Z] [0:0:0:0:0:0:0:1 -> webapi-2  ] HEAD  302 3ms    /
[2025-07-11T17:48:54,899Z] [0:0:0:0:0:0:0:1 -> webapi-2  ] HEAD  200 4ms    /setup/
[2025-07-11T17:49:25,000Z] [0:0:0:0:0:0:0:1 -> webapi-8  ] HEAD  302 2ms    /
[2025-07-11T17:49:25,004Z] [0:0:0:0:0:0:0:1 -> webapi-2  ] HEAD  200 2ms    /setup/
[2025-07-11T17:49:55,085Z] [0:0:0:0:0:0:0:1 -> webapi-8  ] HEAD  302 5ms    /
[2025-07-11T17:49:55,089Z] [0:0:0:0:0:0:0:1 -> webapi-2  ] HEAD  200 2ms    /setup/
[2025-07-11T17:49:56,512Z] [     172.18.0.1 -> portal-1  ] GET   302 1ms    /
[2025-07-11T17:49:56,781Z] [     172.18.0.1 -> portal-1  ] GET   302 0ms    /
[2025-07-11T17:49:56,991Z] [     172.18.0.1 -> portal-1  ] GET   302 0ms    /
[2025-07-11T17:49:57,182Z] [     172.18.0.1 -> portal-1  ] GET   302 0ms    /
[2025-07-11T17:49:57,371Z] [     172.18.0.1 -> portal-1  ] GET   302 0ms    /
[2025-07-11T17:49:57,565Z] [     172.18.0.1 -> portal-1  ] GET   302 0ms    /
[2025-07-11T17:49:57,727Z] [     172.18.0.1 -> portal-1  ] GET   302 0ms    /
[2025-07-11T17:49:57,962Z] [     172.18.0.1 -> portal-1  ] GET   302 0ms    /
[2025-07-11T17:49:58,228Z] [     172.18.0.1 -> portal-1  ] GET   302 0ms    /
[2025-07-11T17:49:58,396Z] [     172.18.0.1 -> portal-1  ] GET   302 0ms    /
[2025-07-11T17:49:58,601Z] [     172.18.0.1 -> portal-1  ] GET   302 0ms    /
[2025-07-11T17:49:58,798Z] [     172.18.0.1 -> portal-1  ] GET   302 0ms    /
[2025-07-11T17:49:58,870Z] [     172.18.0.1 -> portal-1  ] GET   302 0ms    /
[2025-07-11T17:49:58,932Z] [     172.18.0.1 -> portal-1  ] GET   302 -1ms   /
[2025-07-11T17:49:58,988Z] [     172.18.0.1 -> portal-1  ] GET   302 0ms    /
[2025-07-11T17:49:59,041Z] [     172.18.0.1 -> portal-1  ] GET   302 0ms    /
[2025-07-11T17:49:59,090Z] [     172.18.0.1 -> portal-1  ] GET   302 0ms    /
[2025-07-11T17:49:59,158Z] [     172.18.0.1 -> portal-1  ] GET   302 0ms    /
[2025-07-11T17:49:59,238Z] [     172.18.0.1 -> portal-1  ] GET   302 0ms    /
[2025-07-11T17:49:59,292Z] [     172.18.0.1 -> portal-1  ] GET   302 0ms    /
[2025-07-11T17:50:25,183Z] [0:0:0:0:0:0:0:1 -> webapi-2  ] HEAD  302 1ms    /
[2025-07-11T17:50:25,186Z] [0:0:0:0:0:0:0:1 -> webapi-2  ] HEAD  200 1ms    /setup/
[2025-07-11T17:50:55,274Z] [0:0:0:0:0:0:0:1 -> webapi-2  ] HEAD  302 1ms    /
[2025-07-11T17:50:55,277Z] [0:0:0:0:0:0:0:1 -> webapi-8  ] HEAD  200 2ms    /setup/
[2025-07-11T17:51:25,352Z] [0:0:0:0:0:0:0:1 -> webapi-2  ] HEAD  302 1ms    /
[2025-07-11T17:51:25,354Z] [0:0:0:0:0:0:0:1 -> webapi-8  ] HEAD  200 1ms    /setup/
[2025-07-11T17:51:55,430Z] [0:0:0:0:0:0:0:1 -> webapi-8  ] HEAD  302 3ms    /
[2025-07-11T17:51:55,435Z] [0:0:0:0:0:0:0:1 -> webapi-2  ] HEAD  200 3ms    /setup/
[2025-07-11T17:52:25,504Z] [0:0:0:0:0:0:0:1 -> webapi-8  ] HEAD  302 1ms    /
[2025-07-11T17:52:25,508Z] [0:0:0:0:0:0:0:1 -> webapi-2  ] HEAD  200 1ms    /setup/
[2025-07-11T17:52:55,586Z] [0:0:0:0:0:0:0:1 -> webapi-8  ] HEAD  302 9ms    /
[2025-07-11T17:52:55,598Z] [0:0:0:0:0:0:0:1 -> webapi-2  ] HEAD  200 10ms   /setup/
[2025-07-11T17:53:25,683Z] [0:0:0:0:0:0:0:1 -> webapi-8  ] HEAD  302 2ms    /
[2025-07-11T17:53:25,687Z] [0:0:0:0:0:0:0:1 -> webapi-2  ] HEAD  200 3ms    /setup/
[2025-07-11T17:53:55,766Z] [0:0:0:0:0:0:0:1 -> webapi-8  ] HEAD  302 2ms    /
[2025-07-11T17:53:55,770Z] [0:0:0:0:0:0:0:1 -> webapi-2  ] HEAD  200 2ms    /setup/
[2025-07-11T17:54:25,839Z] [0:0:0:0:0:0:0:1 -> webapi-8  ] HEAD  302 1ms    /
[2025-07-11T17:54:25,843Z] [0:0:0:0:0:0:0:1 -> webapi-8  ] HEAD  200 3ms    /setup/
[2025-07-11T17:54:55,912Z] [0:0:0:0:0:0:0:1 -> webapi-2  ] HEAD  302 2ms    /
[2025-07-11T17:54:55,914Z] [0:0:0:0:0:0:0:1 -> webapi-8  ] HEAD  200 1ms    /setup/
[2025-07-11T17:55:26,030Z] [0:0:0:0:0:0:0:1 -> webapi-8  ] HEAD  302 2ms    /
[2025-07-11T17:55:26,034Z] [0:0:0:0:0:0:0:1 -> webapi-8  ] HEAD  200 2ms    /setup/
[2025-07-11T17:55:56,108Z] [0:0:0:0:0:0:0:1 -> webapi-2  ] HEAD  302 2ms    /
[2025-07-11T17:55:56,111Z] [0:0:0:0:0:0:0:1 -> webapi-8  ] HEAD  200 2ms    /setup/
[2025-07-11T17:56:26,187Z] [0:0:0:0:0:0:0:1 -> webapi-2  ] HEAD  302 1ms    /
[2025-07-11T17:56:26,189Z] [0:0:0:0:0:0:0:1 -> webapi-2  ] HEAD  200 1ms    /setup/
[2025-07-11T17:56:56,286Z] [0:0:0:0:0:0:0:1 -> webapi-8  ] HEAD  302 5ms    /
[2025-07-11T17:56:56,302Z] [0:0:0:0:0:0:0:1 -> webapi-2  ] HEAD  200 13ms   /setup/
[2025-07-11T17:57:26,383Z] [0:0:0:0:0:0:0:1 -> webapi-8  ] HEAD  302 1ms    /
[2025-07-11T17:57:26,385Z] [0:0:0:0:0:0:0:1 -> webapi-2  ] HEAD  200 1ms    /setup/
[2025-07-11T17:57:56,456Z] [0:0:0:0:0:0:0:1 -> webapi-8  ] HEAD  302 1ms    /
[2025-07-11T17:57:56,459Z] [0:0:0:0:0:0:0:1 -> webapi-2  ] HEAD  200 2ms    /setup/
[2025-07-11T17:58:26,538Z] [0:0:0:0:0:0:0:1 -> webapi-8  ] HEAD  302 2ms    /
[2025-07-11T17:58:26,541Z] [0:0:0:0:0:0:0:1 -> webapi-8  ] HEAD  200 1ms    /setup/
[2025-07-11T17:58:56,612Z] [0:0:0:0:0:0:0:1 -> webapi-2  ] HEAD  302 1ms    /
[2025-07-11T17:58:56,616Z] [0:0:0:0:0:0:0:1 -> webapi-8  ] HEAD  200 2ms    /setup/
[2025-07-11T17:59:26,683Z] [0:0:0:0:0:0:0:1 -> webapi-2  ] HEAD  302 1ms    /
[2025-07-11T17:59:26,686Z] [0:0:0:0:0:0:0:1 -> webapi-8  ] HEAD  200 2ms    /setup/
[2025-07-11T17:59:56,760Z] [0:0:0:0:0:0:0:1 -> webapi-8  ] HEAD  302 1ms    /
[2025-07-11T17:59:56,762Z] [0:0:0:0:0:0:0:1 -> webapi-2  ] HEAD  200 1ms    /setup/
[2025-07-11T18:00:26,833Z] [0:0:0:0:0:0:0:1 -> webapi-8  ] HEAD  302 2ms    /
[2025-07-11T18:00:26,838Z] [0:0:0:0:0:0:0:1 -> webapi-8  ] HEAD  200 3ms    /setup/
[2025-07-11T18:00:56,911Z] [0:0:0:0:0:0:0:1 -> webapi-2  ] HEAD  302 1ms    /
[2025-07-11T18:00:56,914Z] [0:0:0:0:0:0:0:1 -> webapi-8  ] HEAD  200 2ms    /setup/
[2025-07-11T18:01:27,042Z] [0:0:0:0:0:0:0:1 -> webapi-2  ] HEAD  302 6ms    /
[2025-07-11T18:01:27,055Z] [0:0:0:0:0:0:0:1 -> webapi-2  ] HEAD  200 11ms   /setup/
[2025-07-11T18:01:57,133Z] [0:0:0:0:0:0:0:1 -> webapi-8  ] HEAD  302 3ms    /
[2025-07-11T18:01:57,137Z] [0:0:0:0:0:0:0:1 -> webapi-2  ] HEAD  200 2ms    /setup/
[2025-07-11T18:02:27,209Z] [0:0:0:0:0:0:0:1 -> webapi-8  ] HEAD  302 1ms    /
[2025-07-11T18:02:27,212Z] [0:0:0:0:0:0:0:1 -> webapi-2  ] HEAD  200 2ms    /setup/
[2025-07-11T18:02:57,286Z] [0:0:0:0:0:0:0:1 -> webapi-8  ] HEAD  302 3ms    /
[2025-07-11T18:02:57,289Z] [0:0:0:0:0:0:0:1 -> webapi-8  ] HEAD  200 2ms    /setup/
[2025-07-11T18:03:27,379Z] [0:0:0:0:0:0:0:1 -> webapi-2  ] HEAD  302 1ms    /
[2025-07-11T18:03:27,384Z] [0:0:0:0:0:0:0:1 -> webapi-8  ] HEAD  200 4ms    /setup/
[2025-07-11T18:03:57,461Z] [0:0:0:0:0:0:0:1 -> webapi-8  ] HEAD  302 1ms    /
[2025-07-11T18:03:57,467Z] [0:0:0:0:0:0:0:1 -> webapi-2  ] HEAD  200 4ms    /setup/
[2025-07-11T18:04:27,538Z] [0:0:0:0:0:0:0:1 -> webapi-8  ] HEAD  302 1ms    /
[2025-07-11T18:04:27,543Z] [0:0:0:0:0:0:0:1 -> webapi-2  ] HEAD  200 2ms    /setup/
[2025-07-11T18:04:57,618Z] [0:0:0:0:0:0:0:1 -> webapi-8  ] HEAD  302 1ms    /
[2025-07-11T18:04:57,620Z] [0:0:0:0:0:0:0:1 -> webapi-2  ] HEAD  200 1ms    /setup/
[2025-07-11T18:05:27,717Z] [0:0:0:0:0:0:0:1 -> webapi-8  ] HEAD  302 4ms    /
[2025-07-11T18:05:27,729Z] [0:0:0:0:0:0:0:1 -> webapi-2  ] HEAD  200 9ms    /setup/
[2025-07-11T18:05:57,808Z] [0:0:0:0:0:0:0:1 -> webapi-8  ] HEAD  302 1ms    /
[2025-07-11T18:05:57,810Z] [0:0:0:0:0:0:0:1 -> webapi-2  ] HEAD  200 1ms    /setup/
[2025-07-11T18:06:27,920Z] [0:0:0:0:0:0:0:1 -> webapi-2  ] HEAD  302 2ms    /
[2025-07-11T18:06:27,923Z] [0:0:0:0:0:0:0:1 -> webapi-8  ] HEAD  200 2ms    /setup/
[2025-07-11T18:06:58,002Z] [0:0:0:0:0:0:0:1 -> webapi-8  ] HEAD  302 1ms    /
[2025-07-11T18:06:58,004Z] [0:0:0:0:0:0:0:1 -> webapi-2  ] HEAD  200 1ms    /setup/
[2025-07-11T18:07:28,097Z] [0:0:0:0:0:0:0:1 -> webapi-8  ] HEAD  302 1ms    /
[2025-07-11T18:07:28,099Z] [0:0:0:0:0:0:0:1 -> webapi-2  ] HEAD  200 1ms    /setup/
[2025-07-11T18:07:58,170Z] [0:0:0:0:0:0:0:1 -> webapi-8  ] HEAD  302 1ms    /
[2025-07-11T18:07:58,173Z] [0:0:0:0:0:0:0:1 -> webapi-2  ] HEAD  200 1ms    /setup/
[2025-07-11T18:08:28,258Z] [0:0:0:0:0:0:0:1 -> webapi-2  ] HEAD  302 1ms    /
[2025-07-11T18:08:28,263Z] [0:0:0:0:0:0:0:1 -> webapi-8  ] HEAD  200 3ms    /setup/
[2025-07-11T18:08:58,338Z] [0:0:0:0:0:0:0:1 -> webapi-8  ] HEAD  302 1ms    /
[2025-07-11T18:08:58,341Z] [0:0:0:0:0:0:0:1 -> webapi-2  ] HEAD  200 1ms    /setup/
[2025-07-11T18:09:28,413Z] [0:0:0:0:0:0:0:1 -> webapi-8  ] HEAD  302 1ms    /
[2025-07-11T18:09:28,415Z] [0:0:0:0:0:0:0:1 -> webapi-2  ] HEAD  200 1ms    /setup/
[2025-07-11T18:09:58,530Z] [0:0:0:0:0:0:0:1 -> webapi-8  ] HEAD  302 1ms    /
[2025-07-11T18:09:58,532Z] [0:0:0:0:0:0:0:1 -> webapi-2  ] HEAD  200 1ms    /setup/
[2025-07-11T18:10:28,600Z] [0:0:0:0:0:0:0:1 -> webapi-8  ] HEAD  302 1ms    /
[2025-07-11T18:10:28,603Z] [0:0:0:0:0:0:0:1 -> webapi-2  ] HEAD  200 1ms    /setup/
[2025-07-11T18:10:58,680Z] [0:0:0:0:0:0:0:1 -> webapi-8  ] HEAD  302 2ms    /
[2025-07-11T18:10:58,683Z] [0:0:0:0:0:0:0:1 -> webapi-2  ] HEAD  200 1ms    /setup/
[2025-07-11T18:11:28,754Z] [0:0:0:0:0:0:0:1 -> webapi-8  ] HEAD  302 1ms    /
[2025-07-11T18:11:28,757Z] [0:0:0:0:0:0:0:1 -> webapi-2  ] HEAD  200 1ms    /setup/
[2025-07-11T18:11:58,825Z] [0:0:0:0:0:0:0:1 -> webapi-8  ] HEAD  302 1ms    /
[2025-07-11T18:11:58,829Z] [0:0:0:0:0:0:0:1 -> webapi-8  ] HEAD  200 1ms    /setup/
[2025-07-11T18:12:28,900Z] [0:0:0:0:0:0:0:1 -> webapi-8  ] HEAD  302 1ms    /
[2025-07-11T18:12:28,902Z] [0:0:0:0:0:0:0:1 -> webapi-2  ] HEAD  200 1ms    /setup/
[2025-07-11T18:12:58,971Z] [0:0:0:0:0:0:0:1 -> webapi-8  ] HEAD  302 1ms    /
[2025-07-11T18:12:58,973Z] [0:0:0:0:0:0:0:1 -> webapi-2  ] HEAD  200 1ms    /setup/
[2025-07-11T18:13:29,045Z] [0:0:0:0:0:0:0:1 -> webapi-8  ] HEAD  302 1ms    /
[2025-07-11T18:13:29,047Z] [0:0:0:0:0:0:0:1 -> webapi-2  ] HEAD  200 1ms    /setup/
[2025-07-11T18:13:59,120Z] [0:0:0:0:0:0:0:1 -> webapi-2  ] HEAD  302 1ms    /
[2025-07-11T18:13:59,122Z] [0:0:0:0:0:0:0:1 -> webapi-8  ] HEAD  200 1ms    /setup/
[2025-07-11T18:14:29,195Z] [0:0:0:0:0:0:0:1 -> webapi-8  ] HEAD  302 1ms    /
[2025-07-11T18:14:29,197Z] [0:0:0:0:0:0:0:1 -> webapi-2  ] HEAD  200 1ms    /setup/
[2025-07-11T18:14:59,272Z] [0:0:0:0:0:0:0:1 -> webapi-8  ] HEAD  302 2ms    /
[2025-07-11T18:14:59,275Z] [0:0:0:0:0:0:0:1 -> webapi-2  ] HEAD  200 1ms    /setup/
[2025-07-11T18:15:29,346Z] [0:0:0:0:0:0:0:1 -> webapi-2  ] HEAD  302 1ms    /
[2025-07-11T18:15:29,349Z] [0:0:0:0:0:0:0:1 -> webapi-8  ] HEAD  200 2ms    /setup/
[2025-07-11T18:15:59,420Z] [0:0:0:0:0:0:0:1 -> webapi-2  ] HEAD  302 1ms    /
[2025-07-11T18:15:59,422Z] [0:0:0:0:0:0:0:1 -> webapi-8  ] HEAD  200 1ms    /setup/
[2025-07-11T18:16:29,491Z] [0:0:0:0:0:0:0:1 -> webapi-2  ] HEAD  302 1ms    /
[2025-07-11T18:16:29,494Z] [0:0:0:0:0:0:0:1 -> webapi-8  ] HEAD  200 2ms    /setup/
[2025-07-11T18:16:59,564Z] [0:0:0:0:0:0:0:1 -> webapi-2  ] HEAD  302 1ms    /
[2025-07-11T18:16:59,567Z] [0:0:0:0:0:0:0:1 -> webapi-8  ] HEAD  200 1ms    /setup/
[2025-07-11T18:17:29,634Z] [0:0:0:0:0:0:0:1 -> webapi-2  ] HEAD  302 1ms    /
[2025-07-11T18:17:29,636Z] [0:0:0:0:0:0:0:1 -> webapi-8  ] HEAD  200 1ms    /setup/
[2025-07-11T18:17:59,742Z] [0:0:0:0:0:0:0:1 -> webapi-8  ] HEAD  302 3ms    /
[2025-07-11T18:17:59,747Z] [0:0:0:0:0:0:0:1 -> webapi-8  ] HEAD  200 4ms    /setup/
[2025-07-11T18:18:29,816Z] [0:0:0:0:0:0:0:1 -> webapi-2  ] HEAD  302 1ms    /
[2025-07-11T18:18:29,818Z] [0:0:0:0:0:0:0:1 -> webapi-2  ] HEAD  200 1ms    /setup/
[2025-07-11T18:18:59,907Z] [0:0:0:0:0:0:0:1 -> webapi-2  ] HEAD  302 1ms    /
[2025-07-11T18:18:59,912Z] [0:0:0:0:0:0:0:1 -> webapi-2  ] HEAD  200 3ms    /setup/
[2025-07-11T18:19:29,983Z] [0:0:0:0:0:0:0:1 -> webapi-8  ] HEAD  302 1ms    /
[2025-07-11T18:19:29,986Z] [0:0:0:0:0:0:0:1 -> webapi-2  ] HEAD  200 1ms    /setup/
[2025-07-11T18:20:00,085Z] [0:0:0:0:0:0:0:1 -> webapi-2  ] HEAD  302 1ms    /
[2025-07-11T18:20:00,087Z] [0:0:0:0:0:0:0:1 -> webapi-8  ] HEAD  200 1ms    /setup/
[2025-07-11T18:20:30,169Z] [0:0:0:0:0:0:0:1 -> webapi-2  ] HEAD  302 1ms    /
[2025-07-11T18:20:30,171Z] [0:0:0:0:0:0:0:1 -> webapi-8  ] HEAD  200 1ms    /setup/
[2025-07-11T18:21:00,273Z] [0:0:0:0:0:0:0:1 -> webapi-2  ] HEAD  302 1ms    /
[2025-07-11T18:21:00,275Z] [0:0:0:0:0:0:0:1 -> webapi-8  ] HEAD  200 1ms    /setup/
[2025-07-11T18:21:30,345Z] [0:0:0:0:0:0:0:1 -> webapi-2  ] HEAD  302 2ms    /
[2025-07-11T18:21:30,349Z] [0:0:0:0:0:0:0:1 -> webapi-8  ] HEAD  200 3ms    /setup/
[2025-07-11T18:22:00,420Z] [0:0:0:0:0:0:0:1 -> webapi-2  ] HEAD  302 1ms    /
[2025-07-11T18:22:00,422Z] [0:0:0:0:0:0:0:1 -> webapi-8  ] HEAD  200 1ms    /setup/
[2025-07-11T18:22:30,497Z] [0:0:0:0:0:0:0:1 -> webapi-8  ] HEAD  302 1ms    /
[2025-07-11T18:22:30,500Z] [0:0:0:0:0:0:0:1 -> webapi-2  ] HEAD  200 2ms    /setup/
[2025-07-11T18:23:00,574Z] [0:0:0:0:0:0:0:1 -> webapi-8  ] HEAD  302 1ms    /
[2025-07-11T18:23:00,578Z] [0:0:0:0:0:0:0:1 -> webapi-2  ] HEAD  200 2ms    /setup/
[2025-07-11T18:23:30,673Z] [0:0:0:0:0:0:0:1 -> webapi-8  ] HEAD  302 7ms    /
[2025-07-11T18:23:30,680Z] [0:0:0:0:0:0:0:1 -> webapi-8  ] HEAD  200 3ms    /setup/
[2025-07-11T18:24:00,766Z] [0:0:0:0:0:0:0:1 -> webapi-8  ] HEAD  302 3ms    /
[2025-07-11T18:24:00,774Z] [0:0:0:0:0:0:0:1 -> webapi-8  ] HEAD  200 6ms    /setup/
[2025-07-11T18:24:30,846Z] [0:0:0:0:0:0:0:1 -> webapi-2  ] HEAD  302 2ms    /
[2025-07-11T18:24:30,850Z] [0:0:0:0:0:0:0:1 -> webapi-2  ] HEAD  200 3ms    /setup/
[2025-07-11T18:25:00,921Z] [0:0:0:0:0:0:0:1 -> webapi-2  ] HEAD  302 1ms    /
[2025-07-11T18:25:00,923Z] [0:0:0:0:0:0:0:1 -> webapi-8  ] HEAD  200 1ms    /setup/
[2025-07-11T18:25:30,992Z] [0:0:0:0:0:0:0:1 -> webapi-2  ] HEAD  302 1ms    /
[2025-07-11T18:25:30,995Z] [0:0:0:0:0:0:0:1 -> webapi-8  ] HEAD  200 1ms    /setup/
[2025-07-11T18:26:01,078Z] [0:0:0:0:0:0:0:1 -> webapi-2  ] HEAD  302 1ms    /
[2025-07-11T18:26:01,081Z] [0:0:0:0:0:0:0:1 -> webapi-8  ] HEAD  200 1ms    /setup/
[2025-07-11T18:26:31,154Z] [0:0:0:0:0:0:0:1 -> webapi-2  ] HEAD  302 1ms    /
[2025-07-11T18:26:31,156Z] [0:0:0:0:0:0:0:1 -> webapi-8  ] HEAD  200 1ms    /setup/
[2025-07-11T18:27:01,226Z] [0:0:0:0:0:0:0:1 -> webapi-2  ] HEAD  302 1ms    /
[2025-07-11T18:27:01,229Z] [0:0:0:0:0:0:0:1 -> webapi-8  ] HEAD  200 2ms    /setup/
[2025-07-11T18:27:31,314Z] [0:0:0:0:0:0:0:1 -> webapi-8  ] HEAD  302 1ms    /
[2025-07-11T18:27:31,316Z] [0:0:0:0:0:0:0:1 -> webapi-2  ] HEAD  200 1ms    /setup/
[2025-07-11T18:28:01,385Z] [0:0:0:0:0:0:0:1 -> webapi-8  ] HEAD  302 1ms    /
[2025-07-11T18:28:01,387Z] [0:0:0:0:0:0:0:1 -> webapi-2  ] HEAD  200 2ms    /setup/
[2025-07-11T18:28:31,467Z] [0:0:0:0:0:0:0:1 -> webapi-8  ] HEAD  302 1ms    /
[2025-07-11T18:28:31,469Z] [0:0:0:0:0:0:0:1 -> webapi-2  ] HEAD  200 1ms    /setup/
[2025-07-11T18:29:01,542Z] [0:0:0:0:0:0:0:1 -> webapi-8  ] HEAD  302 1ms    /
[2025-07-11T18:29:01,547Z] [0:0:0:0:0:0:0:1 -> webapi-8  ] HEAD  200 3ms    /setup/
[2025-07-11T18:29:31,622Z] [0:0:0:0:0:0:0:1 -> webapi-2  ] HEAD  302 1ms    /
[2025-07-11T18:29:31,624Z] [0:0:0:0:0:0:0:1 -> webapi-8  ] HEAD  200 1ms    /setup/
[2025-07-11T18:30:01,696Z] [0:0:0:0:0:0:0:1 -> webapi-2  ] HEAD  302 1ms    /
[2025-07-11T18:30:01,698Z] [0:0:0:0:0:0:0:1 -> webapi-8  ] HEAD  200 1ms    /setup/
[2025-07-11T18:30:31,770Z] [0:0:0:0:0:0:0:1 -> webapi-8  ] HEAD  302 2ms    /
[2025-07-11T18:30:31,773Z] [0:0:0:0:0:0:0:1 -> webapi-2  ] HEAD  200 2ms    /setup/
[2025-07-11T18:31:01,847Z] [0:0:0:0:0:0:0:1 -> webapi-2  ] HEAD  302 1ms    /
[2025-07-11T18:31:01,849Z] [0:0:0:0:0:0:0:1 -> webapi-8  ] HEAD  200 1ms    /setup/
[2025-07-11T18:31:31,921Z] [0:0:0:0:0:0:0:1 -> webapi-2  ] HEAD  302 1ms    /
[2025-07-11T18:31:31,927Z] [0:0:0:0:0:0:0:1 -> webapi-8  ] HEAD  200 4ms    /setup/
[2025-07-11T18:32:02,004Z] [0:0:0:0:0:0:0:1 -> webapi-9  ] HEAD  302 1ms    /
[2025-07-11T18:32:02,008Z] [0:0:0:0:0:0:0:1 -> webapi-8  ] HEAD  200 2ms    /setup/
[2025-07-11T18:32:32,077Z] [0:0:0:0:0:0:0:1 -> webapi-8  ] HEAD  302 1ms    /
[2025-07-11T18:32:32,079Z] [0:0:0:0:0:0:0:1 -> webapi-2  ] HEAD  200 1ms    /setup/
[2025-07-11T18:33:02,150Z] [0:0:0:0:0:0:0:1 -> webapi-2  ] HEAD  302 1ms    /
[2025-07-11T18:33:02,154Z] [0:0:0:0:0:0:0:1 -> webapi-2  ] HEAD  200 3ms    /setup/
[2025-07-11T18:33:32,222Z] [0:0:0:0:0:0:0:1 -> webapi-2  ] HEAD  302 1ms    /
[2025-07-11T18:33:32,225Z] [0:0:0:0:0:0:0:1 -> webapi-8  ] HEAD  200 1ms    /setup/
[2025-07-11T18:34:02,301Z] [0:0:0:0:0:0:0:1 -> webapi-8  ] HEAD  302 1ms    /
[2025-07-11T18:34:02,303Z] [0:0:0:0:0:0:0:1 -> webapi-2  ] HEAD  200 1ms    /setup/
[2025-07-11T18:34:32,373Z] [0:0:0:0:0:0:0:1 -> webapi-8  ] HEAD  302 1ms    /
[2025-07-11T18:34:32,377Z] [0:0:0:0:0:0:0:1 -> webapi-2  ] HEAD  200 1ms    /setup/
[2025-07-11T18:35:02,448Z] [0:0:0:0:0:0:0:1 -> webapi-2  ] HEAD  302 1ms    /
[2025-07-11T18:35:02,453Z] [0:0:0:0:0:0:0:1 -> webapi-8  ] HEAD  200 3ms    /setup/
[2025-07-11T18:35:32,593Z] [0:0:0:0:0:0:0:1 -> webapi-2  ] HEAD  302 2ms    /
[2025-07-11T18:35:32,599Z] [0:0:0:0:0:0:0:1 -> webapi-2  ] HEAD  200 4ms    /setup/
[2025-07-11T18:36:02,673Z] [0:0:0:0:0:0:0:1 -> webapi-8  ] HEAD  302 1ms    /
[2025-07-11T18:36:02,675Z] [0:0:0:0:0:0:0:1 -> webapi-2  ] HEAD  200 1ms    /setup/
[2025-07-11T18:36:32,742Z] [0:0:0:0:0:0:0:1 -> webapi-8  ] HEAD  302 1ms    /
[2025-07-11T18:36:32,744Z] [0:0:0:0:0:0:0:1 -> webapi-2  ] HEAD  200 1ms    /setup/
[2025-07-11T18:37:02,833Z] [0:0:0:0:0:0:0:1 -> webapi-8  ] HEAD  302 1ms    /
[2025-07-11T18:37:02,835Z] [0:0:0:0:0:0:0:1 -> webapi-2  ] HEAD  200 1ms    /setup/
[2025-07-11T18:37:32,903Z] [0:0:0:0:0:0:0:1 -> webapi-8  ] HEAD  302 1ms    /
[2025-07-11T18:37:32,905Z] [0:0:0:0:0:0:0:1 -> webapi-2  ] HEAD  200 1ms    /setup/
[2025-07-11T18:38:02,973Z] [0:0:0:0:0:0:0:1 -> webapi-8  ] HEAD  302 1ms    /
[2025-07-11T18:38:02,975Z] [0:0:0:0:0:0:0:1 -> webapi-2  ] HEAD  200 1ms    /setup/
[2025-07-11T18:38:33,047Z] [0:0:0:0:0:0:0:1 -> webapi-8  ] HEAD  302 1ms    /
[2025-07-11T18:38:33,049Z] [0:0:0:0:0:0:0:1 -> webapi-2  ] HEAD  200 1ms    /setup/
[2025-07-11T18:39:03,118Z] [0:0:0:0:0:0:0:1 -> webapi-2  ] HEAD  302 1ms    /
[2025-07-11T18:39:03,120Z] [0:0:0:0:0:0:0:1 -> webapi-2  ] HEAD  200 1ms    /setup/
[2025-07-11T18:39:33,192Z] [0:0:0:0:0:0:0:1 -> webapi-8  ] HEAD  302 1ms    /
[2025-07-11T18:39:33,194Z] [0:0:0:0:0:0:0:1 -> webapi-2  ] HEAD  200 1ms    /setup/
[2025-07-11T18:40:03,262Z] [0:0:0:0:0:0:0:1 -> webapi-8  ] HEAD  302 1ms    /
[2025-07-11T18:40:03,264Z] [0:0:0:0:0:0:0:1 -> webapi-2  ] HEAD  200 1ms    /setup/
[2025-07-11T18:40:33,339Z] [0:0:0:0:0:0:0:1 -> webapi-8  ] HEAD  302 1ms    /
[2025-07-11T18:40:33,341Z] [0:0:0:0:0:0:0:1 -> webapi-2  ] HEAD  200 1ms    /setup/
[2025-07-11T18:41:03,411Z] [0:0:0:0:0:0:0:1 -> webapi-2  ] HEAD  302 1ms    /
[2025-07-11T18:41:03,414Z] [0:0:0:0:0:0:0:1 -> webapi-8  ] HEAD  200 1ms    /setup/
[2025-07-11T18:41:33,512Z] [0:0:0:0:0:0:0:1 -> webapi-8  ] HEAD  302 1ms    /
[2025-07-11T18:41:33,514Z] [0:0:0:0:0:0:0:1 -> webapi-2  ] HEAD  200 1ms    /setup/
[2025-07-11T18:42:03,585Z] [0:0:0:0:0:0:0:1 -> webapi-8  ] HEAD  302 1ms    /
[2025-07-11T18:42:03,587Z] [0:0:0:0:0:0:0:1 -> webapi-2  ] HEAD  200 1ms    /setup/
[2025-07-11T18:42:33,666Z] [0:0:0:0:0:0:0:1 -> webapi-8  ] HEAD  302 1ms    /
[2025-07-11T18:42:33,668Z] [0:0:0:0:0:0:0:1 -> webapi-8  ] HEAD  200 1ms    /setup/
[2025-07-11T18:43:03,737Z] [0:0:0:0:0:0:0:1 -> webapi-2  ] HEAD  302 2ms    /
[2025-07-11T18:43:03,739Z] [0:0:0:0:0:0:0:1 -> webapi-8  ] HEAD  200 1ms    /setup/
[2025-07-11T18:43:33,824Z] [0:0:0:0:0:0:0:1 -> webapi-2  ] HEAD  302 1ms    /
[2025-07-11T18:43:33,826Z] [0:0:0:0:0:0:0:1 -> webapi-8  ] HEAD  200 1ms    /setup/
[2025-07-11T18:44:03,898Z] [0:0:0:0:0:0:0:1 -> webapi-2  ] HEAD  302 1ms    /
[2025-07-11T18:44:03,900Z] [0:0:0:0:0:0:0:1 -> webapi-8  ] HEAD  200 1ms    /setup/
[2025-07-11T18:44:33,979Z] [0:0:0:0:0:0:0:1 -> webapi-2  ] HEAD  302 1ms    /
[2025-07-11T18:44:33,980Z] [0:0:0:0:0:0:0:1 -> webapi-8  ] HEAD  200 1ms    /setup/
[2025-07-11T18:45:04,050Z] [0:0:0:0:0:0:0:1 -> webapi-2  ] HEAD  302 1ms    /
[2025-07-11T18:45:04,052Z] [0:0:0:0:0:0:0:1 -> webapi-8  ] HEAD  200 1ms    /setup/
[2025-07-11T18:45:34,124Z] [0:0:0:0:0:0:0:1 -> webapi-2  ] HEAD  302 1ms    /
[2025-07-11T18:45:34,126Z] [0:0:0:0:0:0:0:1 -> webapi-8  ] HEAD  200 1ms    /setup/
[2025-07-11T18:46:04,193Z] [0:0:0:0:0:0:0:1 -> webapi-2  ] HEAD  302 1ms    /
[2025-07-11T18:46:04,195Z] [0:0:0:0:0:0:0:1 -> webapi-8  ] HEAD  200 1ms    /setup/
[2025-07-11T18:46:34,267Z] [0:0:0:0:0:0:0:1 -> webapi-2  ] HEAD  302 1ms    /
[2025-07-11T18:46:34,269Z] [0:0:0:0:0:0:0:1 -> webapi-8  ] HEAD  200 1ms    /setup/
[2025-07-11T18:47:04,337Z] [0:0:0:0:0:0:0:1 -> webapi-2  ] HEAD  302 1ms    /
[2025-07-11T18:47:04,339Z] [0:0:0:0:0:0:0:1 -> webapi-8  ] HEAD  200 1ms    /setup/
[2025-07-11T18:47:34,473Z] [0:0:0:0:0:0:0:1 -> webapi-8  ] HEAD  302 1ms    /
[2025-07-11T18:47:34,478Z] [0:0:0:0:0:0:0:1 -> webapi-8  ] HEAD  200 4ms    /setup/
[2025-07-11T18:48:04,553Z] [0:0:0:0:0:0:0:1 -> webapi-2  ] HEAD  302 1ms    /
[2025-07-11T18:48:04,555Z] [0:0:0:0:0:0:0:1 -> webapi-8  ] HEAD  200 1ms    /setup/
[2025-07-15T16:54:58,490Z] [0:0:0:0:0:0:0:1 -> webapi-1  ] HEAD  200 147ms  /
[2025-07-15T16:55:28,726Z] [0:0:0:0:0:0:0:1 -> webapi-2  ] HEAD  200 1ms    /
[2025-07-15T16:55:29,754Z] [     172.18.0.1 -> webapi-1  ] GET   200 0ms    /
[2025-07-15T16:55:30,704Z] [     172.18.0.1 -> webapi-3  ] GET   200 3ms    /manage/angular/gc477706b0/css/app.css
[2025-07-15T16:55:30,737Z] [     172.18.0.1 -> webapi-4  ] GET   200 6ms    /manage/angular/gc477706b0/fonts/aura/fonts.css
[2025-07-15T16:55:30,757Z] [     172.18.0.1 -> webapi-1  ] GET   200 0ms    /manage/angular/gc477706b0/fonts/ubnt-icon/style.css
[2025-07-15T16:55:43,900Z] [     172.18.0.1 -> inform-1  ] GET   302 19ms   /
[2025-07-15T16:55:44,319Z] [     172.18.0.1 -> webapi-2  ] GET   302 83ms   /
[2025-07-15T16:55:44,756Z] [     172.18.0.1 -> webapi-1  ] GET   200 39ms   /setup/
[2025-07-15T16:55:45,271Z] [     172.18.0.1 -> webapi-4  ] GET   200 41ms   /setup/static/js/main.7997cf149daff31b117c.js
[2025-07-15T16:55:45,472Z] [     172.18.0.1 -> webapi-2  ] GET   200 226ms  /setup/static/js/vendor.7997cf149daff31b117c.js
[2025-07-15T16:55:45,970Z] [     172.18.0.1 -> webapi-1  ] POST  200 17ms   /api/logout
[2025-07-15T16:55:46,391Z] [     172.18.0.1 -> webapi-2  ] GET   200 82ms   /api/stat/sysinfo
[2025-07-15T16:55:46,547Z] [     172.18.0.1 -> webapi-2  ] GET   200 22ms   /setup/favicon.png
[2025-07-15T16:55:46,941Z] [     172.18.0.1 -> webapi-3  ] GET   200 27ms   /setup/static/fonts/874b8e7bc7e8d1507b50f56bc6c9b536.woff
[2025-07-15T16:55:46,957Z] [     172.18.0.1 -> webapi-2  ] GET   200 28ms   /api/stat/sdn
[2025-07-15T16:55:46,987Z] [     172.18.0.1 -> webapi-4  ] GET   200 33ms   /setup/static/images/c3686a3d067479d40dce0a214f8f9418.png
[2025-07-15T16:55:46,999Z] [     172.18.0.1 -> webapi-1  ] GET   200 25ms   /setup/static/fonts/b8ee546acd6cc0c49f42ad3d48ef244f.woff
[2025-07-15T16:55:47,249Z] [     172.18.0.1 -> webapi-3  ] GET   200 10ms   /api/stat/ccode
[2025-07-15T16:55:47,339Z] [     172.18.0.1 -> webapi-2  ] POST  200 10ms   /api/stat/device
[2025-07-15T16:55:47,523Z] [     172.18.0.1 -> webapi-5  ] GET   200 93ms   /v2/api/site/default/apgroups
[2025-07-15T16:55:47,715Z] [     172.18.0.1 -> webapi-4  ] GET   200 114ms  /v2/api/timezones
[2025-07-15T16:55:58,849Z] [0:0:0:0:0:0:0:1 -> webapi-4  ] HEAD  302 10ms   /
[2025-07-15T16:55:58,856Z] [0:0:0:0:0:0:0:1 -> webapi-3  ] HEAD  200 6ms    /setup/
[2025-07-15T16:56:28,940Z] [0:0:0:0:0:0:0:1 -> webapi-6  ] HEAD  302 7ms    /
[2025-07-15T16:56:28,956Z] [0:0:0:0:0:0:0:1 -> webapi-6  ] HEAD  200 14ms   /setup/
[2025-07-15T16:56:59,085Z] [0:0:0:0:0:0:0:1 -> webapi-2  ] HEAD  302 9ms    /
[2025-07-15T16:56:59,096Z] [0:0:0:0:0:0:0:1 -> webapi-2  ] HEAD  200 7ms    /setup/
[2025-07-15T16:57:29,185Z] [0:0:0:0:0:0:0:1 -> webapi-2  ] HEAD  302 5ms    /
[2025-07-15T16:57:29,191Z] [0:0:0:0:0:0:0:1 -> webapi-2  ] HEAD  200 4ms    /setup/
[2025-07-15T16:57:59,265Z] [0:0:0:0:0:0:0:1 -> webapi-6  ] HEAD  302 2ms    /
[2025-07-15T16:57:59,271Z] [0:0:0:0:0:0:0:1 -> webapi-2  ] HEAD  200 5ms    /setup/
[2025-07-15T16:58:29,352Z] [0:0:0:0:0:0:0:1 -> webapi-6  ] HEAD  302 3ms    /
[2025-07-15T16:58:29,358Z] [0:0:0:0:0:0:0:1 -> webapi-6  ] HEAD  200 5ms    /setup/
[2025-07-15T16:58:59,442Z] [0:0:0:0:0:0:0:1 -> webapi-2  ] HEAD  302 3ms    /
[2025-07-15T16:58:59,450Z] [0:0:0:0:0:0:0:1 -> webapi-6  ] HEAD  200 5ms    /setup/
[2025-07-15T16:59:29,587Z] [0:0:0:0:0:0:0:1 -> webapi-2  ] HEAD  302 13ms   /
[2025-07-15T16:59:29,596Z] [0:0:0:0:0:0:0:1 -> webapi-6  ] HEAD  200 3ms    /setup/
[2025-07-15T16:59:59,706Z] [0:0:0:0:0:0:0:1 -> webapi-6  ] HEAD  302 3ms    /
[2025-07-15T16:59:59,730Z] [0:0:0:0:0:0:0:1 -> webapi-2  ] HEAD  200 17ms   /setup/
[2025-07-15T17:00:29,843Z] [0:0:0:0:0:0:0:1 -> webapi-2  ] HEAD  302 2ms    /
[2025-07-15T17:00:29,849Z] [0:0:0:0:0:0:0:1 -> webapi-6  ] HEAD  200 4ms    /setup/
[2025-07-15T17:00:59,940Z] [0:0:0:0:0:0:0:1 -> webapi-2  ] HEAD  302 2ms    /
[2025-07-15T17:00:59,945Z] [0:0:0:0:0:0:0:1 -> webapi-6  ] HEAD  200 3ms    /setup/
[2025-07-15T17:01:30,044Z] [0:0:0:0:0:0:0:1 -> webapi-2  ] HEAD  302 5ms    /
[2025-07-15T17:01:30,054Z] [0:0:0:0:0:0:0:1 -> webapi-6  ] HEAD  200 7ms    /setup/
[2025-07-15T17:02:00,149Z] [0:0:0:0:0:0:0:1 -> webapi-6  ] HEAD  302 2ms    /
[2025-07-15T17:02:00,154Z] [0:0:0:0:0:0:0:1 -> webapi-6  ] HEAD  200 3ms    /setup/
[2025-07-15T17:02:30,269Z] [0:0:0:0:0:0:0:1 -> webapi-2  ] HEAD  302 8ms    /
[2025-07-15T17:02:30,281Z] [0:0:0:0:0:0:0:1 -> webapi-2  ] HEAD  200 10ms   /setup/
[2025-07-15T17:03:00,370Z] [0:0:0:0:0:0:0:1 -> webapi-6  ] HEAD  302 3ms    /
[2025-07-15T17:03:00,377Z] [0:0:0:0:0:0:0:1 -> webapi-6  ] HEAD  200 6ms    /setup/
[2025-07-15T17:03:30,472Z] [0:0:0:0:0:0:0:1 -> webapi-2  ] HEAD  302 4ms    /
[2025-07-15T17:03:30,508Z] [0:0:0:0:0:0:0:1 -> webapi-2  ] HEAD  200 35ms   /setup/
[2025-07-15T17:04:00,608Z] [0:0:0:0:0:0:0:1 -> webapi-2  ] HEAD  302 3ms    /
[2025-07-15T17:04:00,613Z] [0:0:0:0:0:0:0:1 -> webapi-6  ] HEAD  200 3ms    /setup/
[2025-07-15T17:04:30,697Z] [0:0:0:0:0:0:0:1 -> webapi-6  ] HEAD  302 3ms    /
[2025-07-15T17:04:30,703Z] [0:0:0:0:0:0:0:1 -> webapi-6  ] HEAD  200 4ms    /setup/
[2025-07-15T17:05:00,783Z] [0:0:0:0:0:0:0:1 -> webapi-6  ] HEAD  302 2ms    /
[2025-07-15T17:05:00,788Z] [0:0:0:0:0:0:0:1 -> webapi-6  ] HEAD  200 4ms    /setup/
[2025-07-15T17:05:30,868Z] [0:0:0:0:0:0:0:1 -> webapi-2  ] HEAD  302 6ms    /
[2025-07-15T17:05:30,875Z] [0:0:0:0:0:0:0:1 -> webapi-6  ] HEAD  200 6ms    /setup/
[2025-07-15T17:06:00,980Z] [0:0:0:0:0:0:0:1 -> webapi-2  ] HEAD  302 2ms    /
[2025-07-15T17:06:00,986Z] [0:0:0:0:0:0:0:1 -> webapi-2  ] HEAD  200 4ms    /setup/
[2025-07-15T17:06:31,057Z] [0:0:0:0:0:0:0:1 -> webapi-6  ] HEAD  302 2ms    /
[2025-07-15T17:06:31,061Z] [0:0:0:0:0:0:0:1 -> webapi-2  ] HEAD  200 2ms    /setup/
[2025-07-15T17:07:01,138Z] [0:0:0:0:0:0:0:1 -> webapi-6  ] HEAD  302 2ms    /
[2025-07-15T17:07:01,141Z] [0:0:0:0:0:0:0:1 -> webapi-6  ] HEAD  200 2ms    /setup/
[2025-07-15T17:07:31,321Z] [0:0:0:0:0:0:0:1 -> webapi-6  ] HEAD  302 13ms   /
[2025-07-15T17:07:31,331Z] [0:0:0:0:0:0:0:1 -> webapi-6  ] HEAD  200 6ms    /setup/
[2025-07-15T17:08:01,426Z] [0:0:0:0:0:0:0:1 -> webapi-2  ] HEAD  302 2ms    /
[2025-07-15T17:08:01,429Z] [0:0:0:0:0:0:0:1 -> webapi-6  ] HEAD  200 2ms    /setup/
[2025-07-15T17:08:31,502Z] [0:0:0:0:0:0:0:1 -> webapi-2  ] HEAD  302 2ms    /
[2025-07-15T17:08:31,507Z] [0:0:0:0:0:0:0:1 -> webapi-2  ] HEAD  200 3ms    /setup/
[2025-07-15T17:09:01,601Z] [0:0:0:0:0:0:0:1 -> webapi-6  ] HEAD  302 1ms    /
[2025-07-15T17:09:01,604Z] [0:0:0:0:0:0:0:1 -> webapi-2  ] HEAD  200 2ms    /setup/
[2025-07-15T17:09:31,675Z] [0:0:0:0:0:0:0:1 -> webapi-2  ] HEAD  302 2ms    /
[2025-07-15T17:09:31,678Z] [0:0:0:0:0:0:0:1 -> webapi-6  ] HEAD  200 2ms    /setup/
[2025-07-15T17:10:01,749Z] [0:0:0:0:0:0:0:1 -> webapi-2  ] HEAD  302 3ms    /
[2025-07-15T17:10:01,756Z] [0:0:0:0:0:0:0:1 -> webapi-6  ] HEAD  200 5ms    /setup/
[2025-07-15T17:10:31,833Z] [0:0:0:0:0:0:0:1 -> webapi-2  ] HEAD  302 2ms    /
[2025-07-15T17:10:31,836Z] [0:0:0:0:0:0:0:1 -> webapi-6  ] HEAD  200 2ms    /setup/
[2025-07-15T17:11:01,907Z] [0:0:0:0:0:0:0:1 -> webapi-2  ] HEAD  302 2ms    /
[2025-07-15T17:11:01,910Z] [0:0:0:0:0:0:0:1 -> webapi-6  ] HEAD  200 2ms    /setup/
[2025-07-15T17:11:31,985Z] [0:0:0:0:0:0:0:1 -> webapi-6  ] HEAD  302 2ms    /
[2025-07-15T17:11:31,988Z] [0:0:0:0:0:0:0:1 -> webapi-6  ] HEAD  200 2ms    /setup/
[2025-07-15T17:12:02,076Z] [0:0:0:0:0:0:0:1 -> webapi-6  ] HEAD  302 4ms    /
[2025-07-15T17:12:02,083Z] [0:0:0:0:0:0:0:1 -> webapi-2  ] HEAD  200 4ms    /setup/
[2025-07-15T17:12:32,159Z] [0:0:0:0:0:0:0:1 -> webapi-2  ] HEAD  302 1ms    /
[2025-07-15T17:12:32,161Z] [0:0:0:0:0:0:0:1 -> webapi-6  ] HEAD  200 1ms    /setup/
[2025-07-15T17:13:02,241Z] [0:0:0:0:0:0:0:1 -> webapi-2  ] HEAD  302 3ms    /
[2025-07-15T17:13:02,245Z] [0:0:0:0:0:0:0:1 -> webapi-6  ] HEAD  200 3ms    /setup/
[2025-07-15T17:13:32,340Z] [0:0:0:0:0:0:0:1 -> webapi-2  ] HEAD  302 3ms    /
[2025-07-15T17:13:32,344Z] [0:0:0:0:0:0:0:1 -> webapi-6  ] HEAD  200 2ms    /setup/
[2025-07-15T17:14:02,415Z] [0:0:0:0:0:0:0:1 -> webapi-6  ] HEAD  302 2ms    /
[2025-07-15T17:14:02,417Z] [0:0:0:0:0:0:0:1 -> webapi-2  ] HEAD  200 2ms    /setup/
[2025-07-15T17:14:32,495Z] [0:0:0:0:0:0:0:1 -> webapi-2  ] HEAD  302 1ms    /
[2025-07-15T17:14:32,499Z] [0:0:0:0:0:0:0:1 -> webapi-2  ] HEAD  200 2ms    /setup/
[2025-07-15T17:15:02,569Z] [0:0:0:0:0:0:0:1 -> webapi-6  ] HEAD  302 2ms    /
[2025-07-15T17:15:02,575Z] [0:0:0:0:0:0:0:1 -> webapi-2  ] HEAD  200 4ms    /setup/
[2025-07-15T17:15:32,644Z] [0:0:0:0:0:0:0:1 -> webapi-6  ] HEAD  302 2ms    /
[2025-07-15T17:15:32,648Z] [0:0:0:0:0:0:0:1 -> webapi-2  ] HEAD  200 2ms    /setup/
[2025-07-15T17:16:02,719Z] [0:0:0:0:0:0:0:1 -> webapi-6  ] HEAD  302 2ms    /
[2025-07-15T17:16:02,721Z] [0:0:0:0:0:0:0:1 -> webapi-6  ] HEAD  200 2ms    /setup/
[2025-07-15T17:16:32,810Z] [0:0:0:0:0:0:0:1 -> webapi-2  ] HEAD  302 5ms    /
[2025-07-15T17:16:32,820Z] [0:0:0:0:0:0:0:1 -> webapi-6  ] HEAD  200 5ms    /setup/
[2025-07-15T17:17:02,900Z] [0:0:0:0:0:0:0:1 -> webapi-6  ] HEAD  302 1ms    /
[2025-07-15T17:17:02,903Z] [0:0:0:0:0:0:0:1 -> webapi-6  ] HEAD  200 2ms    /setup/
[2025-07-15T17:17:32,975Z] [0:0:0:0:0:0:0:1 -> webapi-6  ] HEAD  302 2ms    /
[2025-07-15T17:17:32,977Z] [0:0:0:0:0:0:0:1 -> webapi-2  ] HEAD  200 1ms    /setup/
[2025-07-15T17:18:03,048Z] [0:0:0:0:0:0:0:1 -> webapi-2  ] HEAD  302 1ms    /
[2025-07-15T17:18:03,050Z] [0:0:0:0:0:0:0:1 -> webapi-6  ] HEAD  200 1ms    /setup/
[2025-07-15T17:18:33,133Z] [0:0:0:0:0:0:0:1 -> webapi-2  ] HEAD  302 1ms    /
[2025-07-15T17:18:33,139Z] [0:0:0:0:0:0:0:1 -> webapi-6  ] HEAD  200 3ms    /setup/
[2025-07-15T17:19:03,228Z] [0:0:0:0:0:0:0:1 -> webapi-2  ] HEAD  302 2ms    /
[2025-07-15T17:19:03,231Z] [0:0:0:0:0:0:0:1 -> webapi-2  ] HEAD  200 2ms    /setup/
[2025-07-15T17:19:33,303Z] [0:0:0:0:0:0:0:1 -> webapi-2  ] HEAD  302 2ms    /
[2025-07-15T17:19:33,306Z] [0:0:0:0:0:0:0:1 -> webapi-6  ] HEAD  200 2ms    /setup/
[2025-07-15T17:20:03,377Z] [0:0:0:0:0:0:0:1 -> webapi-2  ] HEAD  302 1ms    /
[2025-07-15T17:20:03,379Z] [0:0:0:0:0:0:0:1 -> webapi-6  ] HEAD  200 1ms    /setup/
[2025-07-15T17:20:33,450Z] [0:0:0:0:0:0:0:1 -> webapi-6  ] HEAD  302 1ms    /
[2025-07-15T17:20:33,453Z] [0:0:0:0:0:0:0:1 -> webapi-2  ] HEAD  200 1ms    /setup/
[2025-07-15T17:21:03,520Z] [0:0:0:0:0:0:0:1 -> webapi-6  ] HEAD  302 2ms    /
[2025-07-15T17:21:03,527Z] [0:0:0:0:0:0:0:1 -> webapi-6  ] HEAD  200 4ms    /setup/
[2025-07-15T17:21:33,598Z] [0:0:0:0:0:0:0:1 -> webapi-2  ] HEAD  302 1ms    /
[2025-07-15T17:21:33,601Z] [0:0:0:0:0:0:0:1 -> webapi-6  ] HEAD  200 1ms    /setup/
[2025-07-15T17:22:03,675Z] [0:0:0:0:0:0:0:1 -> webapi-2  ] HEAD  302 1ms    /
[2025-07-15T17:22:03,678Z] [0:0:0:0:0:0:0:1 -> webapi-6  ] HEAD  200 2ms    /setup/
[2025-07-15T17:22:33,752Z] [0:0:0:0:0:0:0:1 -> webapi-2  ] HEAD  302 2ms    /
[2025-07-15T17:22:33,756Z] [0:0:0:0:0:0:0:1 -> webapi-6  ] HEAD  200 2ms    /setup/
[2025-07-15T17:23:03,855Z] [0:0:0:0:0:0:0:1 -> webapi-6  ] HEAD  302 3ms    /
[2025-07-15T17:23:03,861Z] [0:0:0:0:0:0:0:1 -> webapi-6  ] HEAD  200 4ms    /setup/
[2025-07-15T17:23:33,931Z] [0:0:0:0:0:0:0:1 -> webapi-2  ] HEAD  302 2ms    /
[2025-07-15T17:23:33,934Z] [0:0:0:0:0:0:0:1 -> webapi-6  ] HEAD  200 2ms    /setup/
[2025-07-15T17:24:04,007Z] [0:0:0:0:0:0:0:1 -> webapi-2  ] HEAD  302 1ms    /
[2025-07-15T17:24:04,010Z] [0:0:0:0:0:0:0:1 -> webapi-6  ] HEAD  200 2ms    /setup/
[2025-07-15T17:24:34,081Z] [0:0:0:0:0:0:0:1 -> webapi-6  ] HEAD  302 3ms    /
[2025-07-15T17:24:34,084Z] [0:0:0:0:0:0:0:1 -> webapi-2  ] HEAD  200 1ms    /setup/
[2025-07-15T17:25:04,231Z] [0:0:0:0:0:0:0:1 -> webapi-2  ] HEAD  302 3ms    /
[2025-07-15T17:25:04,243Z] [0:0:0:0:0:0:0:1 -> webapi-6  ] HEAD  200 9ms    /setup/
[2025-07-15T17:25:34,323Z] [0:0:0:0:0:0:0:1 -> webapi-2  ] HEAD  302 1ms    /
[2025-07-15T17:25:34,325Z] [0:0:0:0:0:0:0:1 -> webapi-6  ] HEAD  200 2ms    /setup/
[2025-07-15T17:26:04,399Z] [0:0:0:0:0:0:0:1 -> webapi-6  ] HEAD  302 4ms    /
[2025-07-15T17:26:04,405Z] [0:0:0:0:0:0:0:1 -> webapi-2  ] HEAD  200 4ms    /setup/
[2025-07-15T17:26:34,473Z] [0:0:0:0:0:0:0:1 -> webapi-6  ] HEAD  302 1ms    /
[2025-07-15T17:26:34,476Z] [0:0:0:0:0:0:0:1 -> webapi-2  ] HEAD  200 1ms    /setup/
[2025-07-15T17:27:04,546Z] [0:0:0:0:0:0:0:1 -> webapi-6  ] HEAD  302 1ms    /
[2025-07-15T17:27:04,548Z] [0:0:0:0:0:0:0:1 -> webapi-2  ] HEAD  200 1ms    /setup/
[2025-07-15T17:27:34,618Z] [0:0:0:0:0:0:0:1 -> webapi-6  ] HEAD  302 2ms    /
[2025-07-15T17:27:34,622Z] [0:0:0:0:0:0:0:1 -> webapi-2  ] HEAD  200 3ms    /setup/
[2025-07-15T17:28:04,754Z] [0:0:0:0:0:0:0:1 -> webapi-2  ] HEAD  302 3ms    /
[2025-07-15T17:28:04,758Z] [0:0:0:0:0:0:0:1 -> webapi-6  ] HEAD  200 2ms    /setup/
[2025-07-15T17:28:34,839Z] [0:0:0:0:0:0:0:1 -> webapi-2  ] HEAD  302 1ms    /
[2025-07-15T17:28:34,842Z] [0:0:0:0:0:0:0:1 -> webapi-6  ] HEAD  200 1ms    /setup/
[2025-07-15T17:29:04,917Z] [0:0:0:0:0:0:0:1 -> webapi-6  ] HEAD  302 1ms    /
[2025-07-15T17:29:04,919Z] [0:0:0:0:0:0:0:1 -> webapi-2  ] HEAD  200 1ms    /setup/
[2025-07-15T17:29:34,991Z] [0:0:0:0:0:0:0:1 -> webapi-2  ] HEAD  302 2ms    /
[2025-07-15T17:29:34,996Z] [0:0:0:0:0:0:0:1 -> webapi-6  ] HEAD  200 3ms    /setup/
[2025-07-15T17:30:05,068Z] [0:0:0:0:0:0:0:1 -> webapi-6  ] HEAD  302 1ms    /
[2025-07-15T17:30:05,071Z] [0:0:0:0:0:0:0:1 -> webapi-2  ] HEAD  200 1ms    /setup/
[2025-07-15T17:30:35,172Z] [0:0:0:0:0:0:0:1 -> webapi-6  ] HEAD  302 1ms    /
[2025-07-15T17:30:35,179Z] [0:0:0:0:0:0:0:1 -> webapi-2  ] HEAD  200 4ms    /setup/
[2025-07-15T17:31:05,332Z] [0:0:0:0:0:0:0:1 -> webapi-6  ] HEAD  302 2ms    /
[2025-07-15T17:31:05,338Z] [0:0:0:0:0:0:0:1 -> webapi-6  ] HEAD  200 4ms    /setup/
[2025-07-15T17:31:35,422Z] [0:0:0:0:0:0:0:1 -> webapi-2  ] HEAD  302 1ms    /
[2025-07-15T17:31:35,425Z] [0:0:0:0:0:0:0:1 -> webapi-6  ] HEAD  200 1ms    /setup/
[2025-07-15T17:32:05,503Z] [0:0:0:0:0:0:0:1 -> webapi-2  ] HEAD  302 1ms    /
[2025-07-15T17:32:05,507Z] [0:0:0:0:0:0:0:1 -> webapi-6  ] HEAD  200 3ms    /setup/
[2025-07-15T17:32:35,577Z] [0:0:0:0:0:0:0:1 -> webapi-2  ] HEAD  302 1ms    /
[2025-07-15T17:32:35,579Z] [0:0:0:0:0:0:0:1 -> webapi-6  ] HEAD  200 1ms    /setup/
[2025-07-15T17:33:05,650Z] [0:0:0:0:0:0:0:1 -> webapi-2  ] HEAD  302 1ms    /
[2025-07-15T17:33:05,653Z] [0:0:0:0:0:0:0:1 -> webapi-6  ] HEAD  200 1ms    /setup/
[2025-07-15T17:33:35,724Z] [0:0:0:0:0:0:0:1 -> webapi-2  ] HEAD  302 1ms    /
[2025-07-15T17:33:35,729Z] [0:0:0:0:0:0:0:1 -> webapi-2  ] HEAD  200 3ms    /setup/
[2025-07-15T17:34:05,798Z] [0:0:0:0:0:0:0:1 -> webapi-6  ] HEAD  302 1ms    /
[2025-07-15T17:34:05,800Z] [0:0:0:0:0:0:0:1 -> webapi-2  ] HEAD  200 1ms    /setup/
[2025-07-15T17:34:35,869Z] [0:0:0:0:0:0:0:1 -> webapi-6  ] HEAD  302 1ms    /
[2025-07-15T17:34:35,873Z] [0:0:0:0:0:0:0:1 -> webapi-6  ] HEAD  200 4ms    /setup/
[2025-07-15T17:35:05,967Z] [0:0:0:0:0:0:0:1 -> webapi-6  ] HEAD  302 1ms    /
[2025-07-15T17:35:05,970Z] [0:0:0:0:0:0:0:1 -> webapi-6  ] HEAD  200 1ms    /setup/
[2025-07-15T17:35:36,041Z] [0:0:0:0:0:0:0:1 -> webapi-2  ] HEAD  302 1ms    /
[2025-07-15T17:35:36,043Z] [0:0:0:0:0:0:0:1 -> webapi-6  ] HEAD  200 1ms    /setup/
[2025-07-15T17:36:06,109Z] [0:0:0:0:0:0:0:1 -> webapi-2  ] HEAD  302 1ms    /
[2025-07-15T17:36:06,111Z] [0:0:0:0:0:0:0:1 -> webapi-6  ] HEAD  200 1ms    /setup/
[2025-07-15T17:36:36,181Z] [0:0:0:0:0:0:0:1 -> webapi-2  ] HEAD  302 1ms    /
[2025-07-15T17:36:36,185Z] [0:0:0:0:0:0:0:1 -> webapi-6  ] HEAD  200 3ms    /setup/
[2025-07-15T17:37:06,261Z] [0:0:0:0:0:0:0:1 -> webapi-6  ] HEAD  302 1ms    /
[2025-07-15T17:37:06,263Z] [0:0:0:0:0:0:0:1 -> webapi-2  ] HEAD  200 1ms    /setup/
[2025-07-15T17:37:36,331Z] [0:0:0:0:0:0:0:1 -> webapi-6  ] HEAD  302 1ms    /
[2025-07-15T17:37:36,333Z] [0:0:0:0:0:0:0:1 -> webapi-2  ] HEAD  200 1ms    /setup/
[2025-07-15T17:38:06,412Z] [0:0:0:0:0:0:0:1 -> webapi-6  ] HEAD  302 1ms    /
[2025-07-15T17:38:06,416Z] [0:0:0:0:0:0:0:1 -> webapi-2  ] HEAD  200 2ms    /setup/
[2025-07-15T17:38:36,501Z] [0:0:0:0:0:0:0:1 -> webapi-6  ] HEAD  302 1ms    /
[2025-07-15T17:38:36,503Z] [0:0:0:0:0:0:0:1 -> webapi-2  ] HEAD  200 2ms    /setup/
[2025-07-15T17:39:06,581Z] [0:0:0:0:0:0:0:1 -> webapi-2  ] HEAD  302 3ms    /
[2025-07-15T17:39:06,583Z] [0:0:0:0:0:0:0:1 -> webapi-6  ] HEAD  200 1ms    /setup/
[2025-07-15T17:39:36,687Z] [0:0:0:0:0:0:0:1 -> webapi-2  ] HEAD  302 1ms    /
[2025-07-15T17:39:36,692Z] [0:0:0:0:0:0:0:1 -> webapi-6  ] HEAD  200 3ms    /setup/
[2025-07-15T17:40:06,760Z] [0:0:0:0:0:0:0:1 -> webapi-2  ] HEAD  302 1ms    /
[2025-07-15T17:40:06,763Z] [0:0:0:0:0:0:0:1 -> webapi-6  ] HEAD  200 1ms    /setup/
[2025-07-15T17:40:36,836Z] [0:0:0:0:0:0:0:1 -> webapi-6  ] HEAD  302 1ms    /
[2025-07-15T17:40:36,839Z] [0:0:0:0:0:0:0:1 -> webapi-2  ] HEAD  200 1ms    /setup/
[2025-07-15T17:41:06,906Z] [0:0:0:0:0:0:0:1 -> webapi-6  ] HEAD  302 1ms    /
[2025-07-15T17:41:06,920Z] [0:0:0:0:0:0:0:1 -> webapi-2  ] HEAD  200 13ms   /setup/
[2025-07-15T17:41:36,993Z] [0:0:0:0:0:0:0:1 -> webapi-6  ] HEAD  302 1ms    /
[2025-07-15T17:41:36,997Z] [0:0:0:0:0:0:0:1 -> webapi-2  ] HEAD  200 1ms    /setup/
[2025-07-15T17:42:07,086Z] [0:0:0:0:0:0:0:1 -> webapi-6  ] HEAD  302 3ms    /
[2025-07-15T17:42:07,091Z] [0:0:0:0:0:0:0:1 -> webapi-2  ] HEAD  200 3ms    /setup/
[2025-07-15T17:42:37,161Z] [0:0:0:0:0:0:0:1 -> webapi-6  ] HEAD  302 1ms    /
[2025-07-15T17:42:37,164Z] [0:0:0:0:0:0:0:1 -> webapi-2  ] HEAD  200 1ms    /setup/
[2025-07-15T17:43:07,234Z] [0:0:0:0:0:0:0:1 -> webapi-6  ] HEAD  302 1ms    /
[2025-07-15T17:43:07,237Z] [0:0:0:0:0:0:0:1 -> webapi-2  ] HEAD  200 1ms    /setup/
[2025-07-15T17:43:37,307Z] [0:0:0:0:0:0:0:1 -> webapi-6  ] HEAD  302 1ms    /
[2025-07-15T17:43:37,310Z] [0:0:0:0:0:0:0:1 -> webapi-6  ] HEAD  200 2ms    /setup/
[2025-07-15T17:44:07,387Z] [0:0:0:0:0:0:0:1 -> webapi-2  ] HEAD  302 0ms    /
[2025-07-15T17:44:07,389Z] [0:0:0:0:0:0:0:1 -> webapi-6  ] HEAD  200 1ms    /setup/
[2025-07-15T17:44:37,463Z] [0:0:0:0:0:0:0:1 -> webapi-6  ] HEAD  302 1ms    /
[2025-07-15T17:44:37,464Z] [0:0:0:0:0:0:0:1 -> webapi-2  ] HEAD  200 1ms    /setup/
[2025-07-15T17:45:07,533Z] [0:0:0:0:0:0:0:1 -> webapi-6  ] HEAD  302 2ms    /
[2025-07-15T17:45:07,535Z] [0:0:0:0:0:0:0:1 -> webapi-2  ] HEAD  200 1ms    /setup/
[2025-07-15T17:45:37,607Z] [0:0:0:0:0:0:0:1 -> webapi-6  ] HEAD  302 1ms    /
[2025-07-15T17:45:37,609Z] [0:0:0:0:0:0:0:1 -> webapi-2  ] HEAD  200 1ms    /setup/
[2025-07-15T17:46:07,741Z] [0:0:0:0:0:0:0:1 -> webapi-6  ] HEAD  302 1ms    /
[2025-07-15T17:46:07,743Z] [0:0:0:0:0:0:0:1 -> webapi-2  ] HEAD  200 1ms    /setup/
[2025-07-15T17:46:37,816Z] [0:0:0:0:0:0:0:1 -> webapi-6  ] HEAD  302 1ms    /
[2025-07-15T17:46:37,819Z] [0:0:0:0:0:0:0:1 -> webapi-2  ] HEAD  200 1ms    /setup/
[2025-07-15T17:47:07,888Z] [0:0:0:0:0:0:0:1 -> webapi-2  ] HEAD  302 1ms    /
[2025-07-15T17:47:07,891Z] [0:0:0:0:0:0:0:1 -> webapi-6  ] HEAD  200 1ms    /setup/
[2025-07-15T17:47:37,959Z] [0:0:0:0:0:0:0:1 -> webapi-2  ] HEAD  302 1ms    /
[2025-07-15T17:47:37,961Z] [0:0:0:0:0:0:0:1 -> webapi-6  ] HEAD  200 1ms    /setup/
[2025-07-15T17:48:08,045Z] [0:0:0:0:0:0:0:1 -> webapi-2  ] HEAD  302 1ms    /
[2025-07-15T17:48:08,048Z] [0:0:0:0:0:0:0:1 -> webapi-6  ] HEAD  200 1ms    /setup/
[2025-07-15T17:48:38,147Z] [0:0:0:0:0:0:0:1 -> webapi-6  ] HEAD  302 1ms    /
[2025-07-15T17:48:38,150Z] [0:0:0:0:0:0:0:1 -> webapi-2  ] HEAD  200 1ms    /setup/
[2025-07-15T17:49:08,224Z] [0:0:0:0:0:0:0:1 -> webapi-2  ] HEAD  302 1ms    /
[2025-07-15T17:49:08,226Z] [0:0:0:0:0:0:0:1 -> webapi-6  ] HEAD  200 1ms    /setup/
[2025-07-15T17:49:38,311Z] [0:0:0:0:0:0:0:1 -> webapi-2  ] HEAD  302 1ms    /
[2025-07-15T17:49:38,314Z] [0:0:0:0:0:0:0:1 -> webapi-6  ] HEAD  200 2ms    /setup/
[2025-07-15T17:50:08,383Z] [0:0:0:0:0:0:0:1 -> webapi-2  ] HEAD  302 1ms    /
[2025-07-15T17:50:08,385Z] [0:0:0:0:0:0:0:1 -> webapi-6  ] HEAD  200 1ms    /setup/
[2025-07-15T17:50:38,457Z] [0:0:0:0:0:0:0:1 -> webapi-2  ] HEAD  302 2ms    /
[2025-07-15T17:50:38,462Z] [0:0:0:0:0:0:0:1 -> webapi-2  ] HEAD  200 3ms    /setup/
[2025-07-15T17:51:08,532Z] [0:0:0:0:0:0:0:1 -> webapi-2  ] HEAD  302 1ms    /
[2025-07-15T17:51:08,536Z] [0:0:0:0:0:0:0:1 -> webapi-6  ] HEAD  200 3ms    /setup/
[2025-07-15T17:51:38,722Z] [0:0:0:0:0:0:0:1 -> webapi-2  ] HEAD  302 6ms    /
[2025-07-15T17:51:38,732Z] [0:0:0:0:0:0:0:1 -> webapi-2  ] HEAD  200 5ms    /setup/
[2025-07-15T17:52:08,821Z] [0:0:0:0:0:0:0:1 -> webapi-2  ] HEAD  302 1ms    /
[2025-07-15T17:52:08,823Z] [0:0:0:0:0:0:0:1 -> webapi-6  ] HEAD  200 1ms    /setup/
[2025-07-15T17:52:38,913Z] [0:0:0:0:0:0:0:1 -> webapi-2  ] HEAD  302 1ms    /
[2025-07-15T17:52:38,915Z] [0:0:0:0:0:0:0:1 -> webapi-2  ] HEAD  200 1ms    /setup/
[2025-07-15T17:53:09,010Z] [0:0:0:0:0:0:0:1 -> webapi-7  ] HEAD  302 2ms    /
[2025-07-15T17:53:09,014Z] [0:0:0:0:0:0:0:1 -> webapi-7  ] HEAD  200 3ms    /setup/
[2025-07-15T17:53:39,094Z] [0:0:0:0:0:0:0:1 -> webapi-7  ] HEAD  302 1ms    /
[2025-07-15T17:53:39,096Z] [0:0:0:0:0:0:0:1 -> webapi-7  ] HEAD  200 1ms    /setup/
[2025-07-15T17:54:09,166Z] [0:0:0:0:0:0:0:1 -> webapi-6  ] HEAD  302 1ms    /
[2025-07-15T17:54:09,172Z] [0:0:0:0:0:0:0:1 -> webapi-7  ] HEAD  200 2ms    /setup/
[2025-07-15T17:54:39,252Z] [0:0:0:0:0:0:0:1 -> webapi-7  ] HEAD  302 1ms    /
[2025-07-15T17:54:39,255Z] [0:0:0:0:0:0:0:1 -> webapi-6  ] HEAD  200 1ms    /setup/
[2025-07-15T17:55:09,330Z] [0:0:0:0:0:0:0:1 -> webapi-7  ] HEAD  302 1ms    /
[2025-07-15T17:55:09,332Z] [0:0:0:0:0:0:0:1 -> webapi-6  ] HEAD  200 1ms    /setup/
[2025-07-15T17:55:39,402Z] [0:0:0:0:0:0:0:1 -> webapi-6  ] HEAD  302 1ms    /
[2025-07-15T17:55:39,406Z] [0:0:0:0:0:0:0:1 -> webapi-6  ] HEAD  200 4ms    /setup/
[2025-07-15T17:56:09,479Z] [0:0:0:0:0:0:0:1 -> webapi-7  ] HEAD  302 1ms    /
[2025-07-15T17:56:09,481Z] [0:0:0:0:0:0:0:1 -> webapi-6  ] HEAD  200 1ms    /setup/
[2025-07-15T17:56:39,548Z] [0:0:0:0:0:0:0:1 -> webapi-6  ] HEAD  302 1ms    /
[2025-07-15T17:56:39,551Z] [0:0:0:0:0:0:0:1 -> webapi-6  ] HEAD  200 2ms    /setup/
[2025-07-15T17:57:09,621Z] [0:0:0:0:0:0:0:1 -> webapi-7  ] HEAD  302 3ms    /
[2025-07-15T17:57:09,629Z] [0:0:0:0:0:0:0:1 -> webapi-6  ] HEAD  200 3ms    /setup/
[2025-07-15T17:57:39,700Z] [0:0:0:0:0:0:0:1 -> webapi-7  ] HEAD  302 2ms    /
[2025-07-15T17:57:39,702Z] [0:0:0:0:0:0:0:1 -> webapi-6  ] HEAD  200 1ms    /setup/
[2025-07-15T17:58:09,773Z] [0:0:0:0:0:0:0:1 -> webapi-6  ] HEAD  302 1ms    /
[2025-07-15T17:58:09,775Z] [0:0:0:0:0:0:0:1 -> webapi-7  ] HEAD  200 1ms    /setup/
[2025-07-15T17:58:39,850Z] [0:0:0:0:0:0:0:1 -> webapi-7  ] HEAD  302 1ms    /
[2025-07-15T17:58:39,852Z] [0:0:0:0:0:0:0:1 -> webapi-6  ] HEAD  200 1ms    /setup/
[2025-07-15T17:59:09,919Z] [0:0:0:0:0:0:0:1 -> webapi-6  ] HEAD  302 1ms    /
[2025-07-15T17:59:09,921Z] [0:0:0:0:0:0:0:1 -> webapi-7  ] HEAD  200 1ms    /setup/
[2025-07-15T17:59:39,992Z] [0:0:0:0:0:0:0:1 -> webapi-6  ] HEAD  302 1ms    /
[2025-07-15T17:59:39,995Z] [0:0:0:0:0:0:0:1 -> webapi-6  ] HEAD  200 2ms    /setup/
[2025-07-15T18:00:10,065Z] [0:0:0:0:0:0:0:1 -> webapi-6  ] HEAD  302 1ms    /
[2025-07-15T18:00:10,068Z] [0:0:0:0:0:0:0:1 -> webapi-7  ] HEAD  200 2ms    /setup/
[2025-07-15T18:00:40,136Z] [0:0:0:0:0:0:0:1 -> webapi-6  ] HEAD  302 1ms    /
[2025-07-15T18:00:40,138Z] [0:0:0:0:0:0:0:1 -> webapi-7  ] HEAD  200 1ms    /setup/
[2025-07-15T18:01:10,227Z] [0:0:0:0:0:0:0:1 -> webapi-7  ] HEAD  302 1ms    /
[2025-07-15T18:01:10,229Z] [0:0:0:0:0:0:0:1 -> webapi-6  ] HEAD  200 1ms    /setup/
[2025-07-15T18:01:40,320Z] [0:0:0:0:0:0:0:1 -> webapi-7  ] HEAD  302 1ms    /
[2025-07-15T18:01:40,324Z] [0:0:0:0:0:0:0:1 -> webapi-6  ] HEAD  200 3ms    /setup/
[2025-07-15T18:02:10,392Z] [0:0:0:0:0:0:0:1 -> webapi-7  ] HEAD  302 1ms    /
[2025-07-15T18:02:10,394Z] [0:0:0:0:0:0:0:1 -> webapi-6  ] HEAD  200 1ms    /setup/
[2025-07-15T18:02:40,463Z] [0:0:0:0:0:0:0:1 -> webapi-6  ] HEAD  302 1ms    /
[2025-07-15T18:02:40,465Z] [0:0:0:0:0:0:0:1 -> webapi-7  ] HEAD  200 2ms    /setup/
[2025-07-15T18:03:10,552Z] [0:0:0:0:0:0:0:1 -> webapi-7  ] HEAD  302 4ms    /
[2025-07-15T18:03:10,555Z] [0:0:0:0:0:0:0:1 -> webapi-6  ] HEAD  200 1ms    /setup/
[2025-07-15T18:03:40,623Z] [0:0:0:0:0:0:0:1 -> webapi-6  ] HEAD  302 1ms    /
[2025-07-15T18:03:40,625Z] [0:0:0:0:0:0:0:1 -> webapi-7  ] HEAD  200 1ms    /setup/
[2025-07-15T18:04:10,693Z] [0:0:0:0:0:0:0:1 -> webapi-6  ] HEAD  302 1ms    /
[2025-07-15T18:04:10,695Z] [0:0:0:0:0:0:0:1 -> webapi-6  ] HEAD  200 1ms    /setup/
[2025-07-15T18:04:40,762Z] [0:0:0:0:0:0:0:1 -> webapi-7  ] HEAD  302 1ms    /
[2025-07-15T18:04:40,764Z] [0:0:0:0:0:0:0:1 -> webapi-6  ] HEAD  200 1ms    /setup/
[2025-07-15T18:05:10,834Z] [0:0:0:0:0:0:0:1 -> webapi-7  ] HEAD  302 1ms    /
[2025-07-15T18:05:10,835Z] [0:0:0:0:0:0:0:1 -> webapi-6  ] HEAD  200 1ms    /setup/
[2025-07-15T18:05:40,904Z] [0:0:0:0:0:0:0:1 -> webapi-7  ] HEAD  302 1ms    /
[2025-07-15T18:05:40,910Z] [0:0:0:0:0:0:0:1 -> webapi-6  ] HEAD  200 5ms    /setup/
[2025-07-15T18:06:10,976Z] [0:0:0:0:0:0:0:1 -> webapi-7  ] HEAD  302 1ms    /
[2025-07-15T18:06:10,978Z] [0:0:0:0:0:0:0:1 -> webapi-6  ] HEAD  200 1ms    /setup/
[2025-07-15T18:06:41,058Z] [0:0:0:0:0:0:0:1 -> webapi-7  ] HEAD  302 1ms    /
[2025-07-15T18:06:41,061Z] [0:0:0:0:0:0:0:1 -> webapi-6  ] HEAD  200 2ms    /setup/
[2025-07-15T18:07:11,128Z] [0:0:0:0:0:0:0:1 -> webapi-6  ] HEAD  302 1ms    /
[2025-07-15T18:07:11,133Z] [0:0:0:0:0:0:0:1 -> webapi-7  ] HEAD  200 3ms    /setup/
[2025-07-15T18:07:41,200Z] [0:0:0:0:0:0:0:1 -> webapi-6  ] HEAD  302 1ms    /
[2025-07-15T18:07:41,201Z] [0:0:0:0:0:0:0:1 -> webapi-7  ] HEAD  200 1ms    /setup/
[2025-07-15T18:08:11,273Z] [0:0:0:0:0:0:0:1 -> webapi-7  ] HEAD  302 1ms    /
[2025-07-15T18:08:11,276Z] [0:0:0:0:0:0:0:1 -> webapi-6  ] HEAD  200 1ms    /setup/
[2025-07-15T18:08:41,348Z] [0:0:0:0:0:0:0:1 -> webapi-6  ] HEAD  302 1ms    /
[2025-07-15T18:08:41,350Z] [0:0:0:0:0:0:0:1 -> webapi-7  ] HEAD  200 1ms    /setup/
[2025-07-15T18:09:11,435Z] [0:0:0:0:0:0:0:1 -> webapi-6  ] HEAD  302 2ms    /
[2025-07-15T18:09:11,443Z] [0:0:0:0:0:0:0:1 -> webapi-6  ] HEAD  200 7ms    /setup/
[2025-07-15T18:09:41,533Z] [0:0:0:0:0:0:0:1 -> webapi-7  ] HEAD  302 1ms    /
[2025-07-15T18:09:41,535Z] [0:0:0:0:0:0:0:1 -> webapi-6  ] HEAD  200 1ms    /setup/
[2025-07-15T18:10:11,622Z] [0:0:0:0:0:0:0:1 -> webapi-6  ] HEAD  302 1ms    /
[2025-07-15T18:10:11,624Z] [0:0:0:0:0:0:0:1 -> webapi-7  ] HEAD  200 1ms    /setup/
[2025-07-15T18:10:41,694Z] [0:0:0:0:0:0:0:1 -> webapi-6  ] HEAD  302 1ms    /
[2025-07-15T18:10:41,696Z] [0:0:0:0:0:0:0:1 -> webapi-7  ] HEAD  200 1ms    /setup/
[2025-07-15T18:11:11,763Z] [0:0:0:0:0:0:0:1 -> webapi-6  ] HEAD  302 1ms    /
[2025-07-15T18:11:11,765Z] [0:0:0:0:0:0:0:1 -> webapi-7  ] HEAD  200 1ms    /setup/
[2025-07-15T18:11:41,835Z] [0:0:0:0:0:0:0:1 -> webapi-7  ] HEAD  302 1ms    /
[2025-07-15T18:11:41,837Z] [0:0:0:0:0:0:0:1 -> webapi-6  ] HEAD  200 1ms    /setup/
[2025-07-15T18:12:11,918Z] [0:0:0:0:0:0:0:1 -> webapi-7  ] HEAD  302 1ms    /
[2025-07-15T18:12:11,921Z] [0:0:0:0:0:0:0:1 -> webapi-6  ] HEAD  200 2ms    /setup/
[2025-07-15T18:12:41,994Z] [0:0:0:0:0:0:0:1 -> webapi-7  ] HEAD  302 1ms    /
[2025-07-15T18:12:41,996Z] [0:0:0:0:0:0:0:1 -> webapi-6  ] HEAD  200 1ms    /setup/
[2025-07-15T18:13:12,070Z] [0:0:0:0:0:0:0:1 -> webapi-6  ] HEAD  302 1ms    /
[2025-07-15T18:13:12,072Z] [0:0:0:0:0:0:0:1 -> webapi-7  ] HEAD  200 1ms    /setup/
[2025-07-15T18:13:42,144Z] [0:0:0:0:0:0:0:1 -> webapi-7  ] HEAD  302 1ms    /
[2025-07-15T18:13:42,146Z] [0:0:0:0:0:0:0:1 -> webapi-6  ] HEAD  200 1ms    /setup/
[2025-07-15T18:14:12,233Z] [0:0:0:0:0:0:0:1 -> webapi-6  ] HEAD  302 1ms    /
[2025-07-15T18:14:12,238Z] [0:0:0:0:0:0:0:1 -> webapi-6  ] HEAD  200 4ms    /setup/
[2025-07-15T18:14:42,310Z] [0:0:0:0:0:0:0:1 -> webapi-7  ] HEAD  302 1ms    /
[2025-07-15T18:14:42,312Z] [0:0:0:0:0:0:0:1 -> webapi-6  ] HEAD  200 1ms    /setup/
[2025-07-15T18:15:12,449Z] [0:0:0:0:0:0:0:1 -> webapi-6  ] HEAD  302 3ms    /
[2025-07-15T18:15:12,453Z] [0:0:0:0:0:0:0:1 -> webapi-7  ] HEAD  200 3ms    /setup/
[2025-07-15T18:15:42,527Z] [0:0:0:0:0:0:0:1 -> webapi-7  ] HEAD  302 1ms    /
[2025-07-15T18:15:42,531Z] [0:0:0:0:0:0:0:1 -> webapi-7  ] HEAD  200 3ms    /setup/
[2025-07-15T18:16:12,600Z] [0:0:0:0:0:0:0:1 -> webapi-6  ] HEAD  302 1ms    /
[2025-07-15T18:16:12,602Z] [0:0:0:0:0:0:0:1 -> webapi-7  ] HEAD  200 1ms    /setup/
[2025-07-15T18:16:42,689Z] [0:0:0:0:0:0:0:1 -> webapi-6  ] HEAD  302 4ms    /
[2025-07-15T18:16:42,697Z] [0:0:0:0:0:0:0:1 -> webapi-7  ] HEAD  200 2ms    /setup/
[2025-07-15T18:17:12,767Z] [0:0:0:0:0:0:0:1 -> webapi-6  ] HEAD  302 1ms    /
[2025-07-15T18:17:12,771Z] [0:0:0:0:0:0:0:1 -> webapi-6  ] HEAD  200 3ms    /setup/
[2025-07-15T18:17:42,843Z] [0:0:0:0:0:0:0:1 -> webapi-6  ] HEAD  302 1ms    /
[2025-07-15T18:17:42,845Z] [0:0:0:0:0:0:0:1 -> webapi-7  ] HEAD  200 1ms    /setup/
[2025-07-15T18:18:12,923Z] [0:0:0:0:0:0:0:1 -> webapi-6  ] HEAD  302 1ms    /
[2025-07-15T18:18:12,924Z] [0:0:0:0:0:0:0:1 -> webapi-7  ] HEAD  200 1ms    /setup/
[2025-07-15T18:18:42,995Z] [0:0:0:0:0:0:0:1 -> webapi-6  ] HEAD  302 1ms    /
[2025-07-15T18:18:42,998Z] [0:0:0:0:0:0:0:1 -> webapi-7  ] HEAD  200 1ms    /setup/
[2025-07-15T18:19:13,069Z] [0:0:0:0:0:0:0:1 -> webapi-7  ] HEAD  302 1ms    /
[2025-07-15T18:19:13,071Z] [0:0:0:0:0:0:0:1 -> webapi-6  ] HEAD  200 1ms    /setup/
[2025-07-15T18:19:43,145Z] [0:0:0:0:0:0:0:1 -> webapi-6  ] HEAD  302 2ms    /
[2025-07-15T18:19:43,149Z] [0:0:0:0:0:0:0:1 -> webapi-6  ] HEAD  200 3ms    /setup/
[2025-07-15T18:20:13,217Z] [0:0:0:0:0:0:0:1 -> webapi-7  ] HEAD  302 1ms    /
[2025-07-15T18:20:13,219Z] [0:0:0:0:0:0:0:1 -> webapi-6  ] HEAD  200 1ms    /setup/
[2025-07-15T18:20:43,293Z] [0:0:0:0:0:0:0:1 -> webapi-7  ] HEAD  302 1ms    /
[2025-07-15T18:20:43,295Z] [0:0:0:0:0:0:0:1 -> webapi-7  ] HEAD  200 1ms    /setup/
[2025-07-15T18:21:13,373Z] [0:0:0:0:0:0:0:1 -> webapi-7  ] HEAD  302 1ms    /
[2025-07-15T18:21:13,374Z] [0:0:0:0:0:0:0:1 -> webapi-6  ] HEAD  200 1ms    /setup/
[2025-07-15T18:21:43,467Z] [0:0:0:0:0:0:0:1 -> webapi-6  ] HEAD  302 3ms    /
[2025-07-15T18:21:43,472Z] [0:0:0:0:0:0:0:1 -> webapi-7  ] HEAD  200 1ms    /setup/
[2025-07-15T18:22:13,566Z] [0:0:0:0:0:0:0:1 -> webapi-7  ] HEAD  302 3ms    /
[2025-07-15T18:22:13,569Z] [0:0:0:0:0:0:0:1 -> webapi-6  ] HEAD  200 1ms    /setup/
[2025-07-15T18:22:43,648Z] [0:0:0:0:0:0:0:1 -> webapi-7  ] HEAD  302 1ms    /
[2025-07-15T18:22:43,650Z] [0:0:0:0:0:0:0:1 -> webapi-6  ] HEAD  200 1ms    /setup/
[2025-07-15T18:23:13,729Z] [0:0:0:0:0:0:0:1 -> webapi-7  ] HEAD  302 1ms    /
[2025-07-15T18:23:13,731Z] [0:0:0:0:0:0:0:1 -> webapi-6  ] HEAD  200 1ms    /setup/
[2025-07-15T18:23:43,829Z] [0:0:0:0:0:0:0:1 -> webapi-6  ] HEAD  302 1ms    /
[2025-07-15T18:23:43,831Z] [0:0:0:0:0:0:0:1 -> webapi-7  ] HEAD  200 1ms    /setup/
[2025-07-15T18:24:13,898Z] [0:0:0:0:0:0:0:1 -> webapi-6  ] HEAD  302 1ms    /
[2025-07-15T18:24:13,901Z] [0:0:0:0:0:0:0:1 -> webapi-7  ] HEAD  200 1ms    /setup/
[2025-07-15T18:24:43,971Z] [0:0:0:0:0:0:0:1 -> webapi-6  ] HEAD  302 1ms    /
[2025-07-15T18:24:43,973Z] [0:0:0:0:0:0:0:1 -> webapi-7  ] HEAD  200 1ms    /setup/
[2025-07-15T18:25:14,043Z] [0:0:0:0:0:0:0:1 -> webapi-7  ] HEAD  302 1ms    /
[2025-07-15T18:25:14,044Z] [0:0:0:0:0:0:0:1 -> webapi-6  ] HEAD  200 1ms    /setup/
[2025-07-15T18:25:44,110Z] [0:0:0:0:0:0:0:1 -> webapi-7  ] HEAD  302 1ms    /
[2025-07-15T18:25:44,112Z] [0:0:0:0:0:0:0:1 -> webapi-6  ] HEAD  200 1ms    /setup/
[2025-07-15T18:26:14,180Z] [0:0:0:0:0:0:0:1 -> webapi-7  ] HEAD  302 1ms    /
[2025-07-15T18:26:14,182Z] [0:0:0:0:0:0:0:1 -> webapi-6  ] HEAD  200 1ms    /setup/
[2025-07-15T18:26:44,254Z] [0:0:0:0:0:0:0:1 -> webapi-7  ] HEAD  302 1ms    /
[2025-07-15T18:26:44,257Z] [0:0:0:0:0:0:0:1 -> webapi-6  ] HEAD  200 1ms    /setup/
[2025-07-15T18:27:14,335Z] [0:0:0:0:0:0:0:1 -> webapi-6  ] HEAD  302 3ms    /
[2025-07-15T18:27:14,338Z] [0:0:0:0:0:0:0:1 -> webapi-6  ] HEAD  200 2ms    /setup/
[2025-07-15T18:27:44,415Z] [0:0:0:0:0:0:0:1 -> webapi-6  ] HEAD  302 1ms    /
[2025-07-15T18:27:44,417Z] [0:0:0:0:0:0:0:1 -> webapi-6  ] HEAD  200 1ms    /setup/
[2025-07-15T18:28:14,495Z] [0:0:0:0:0:0:0:1 -> webapi-7  ] HEAD  302 1ms    /
[2025-07-15T18:28:14,497Z] [0:0:0:0:0:0:0:1 -> webapi-6  ] HEAD  200 1ms    /setup/
[2025-07-15T18:28:44,611Z] [0:0:0:0:0:0:0:1 -> webapi-6  ] HEAD  302 1ms    /
[2025-07-15T18:28:44,613Z] [0:0:0:0:0:0:0:1 -> webapi-7  ] HEAD  200 1ms    /setup/
[2025-07-15T18:29:14,712Z] [0:0:0:0:0:0:0:1 -> webapi-7  ] HEAD  302 7ms    /
[2025-07-15T18:29:14,718Z] [0:0:0:0:0:0:0:1 -> webapi-6  ] HEAD  200 4ms    /setup/
[2025-07-15T18:29:44,798Z] [0:0:0:0:0:0:0:1 -> webapi-7  ] HEAD  302 1ms    /
[2025-07-15T18:29:44,802Z] [0:0:0:0:0:0:0:1 -> webapi-7  ] HEAD  200 2ms    /setup/
[2025-07-15T18:30:14,874Z] [0:0:0:0:0:0:0:1 -> webapi-7  ] HEAD  302 1ms    /
[2025-07-15T18:30:14,876Z] [0:0:0:0:0:0:0:1 -> webapi-6  ] HEAD  200 1ms    /setup/
[2025-07-15T18:30:44,946Z] [0:0:0:0:0:0:0:1 -> webapi-6  ] HEAD  302 1ms    /
[2025-07-15T18:30:44,948Z] [0:0:0:0:0:0:0:1 -> webapi-7  ] HEAD  200 1ms    /setup/
[2025-07-15T18:31:15,037Z] [0:0:0:0:0:0:0:1 -> webapi-7  ] HEAD  302 1ms    /
[2025-07-15T18:31:15,039Z] [0:0:0:0:0:0:0:1 -> webapi-6  ] HEAD  200 1ms    /setup/
[2025-07-15T18:31:45,110Z] [0:0:0:0:0:0:0:1 -> webapi-7  ] HEAD  302 1ms    /
[2025-07-15T18:31:45,112Z] [0:0:0:0:0:0:0:1 -> webapi-6  ] HEAD  200 1ms    /setup/
[2025-07-15T18:32:15,186Z] [0:0:0:0:0:0:0:1 -> webapi-7  ] HEAD  302 1ms    /
[2025-07-15T18:32:15,188Z] [0:0:0:0:0:0:0:1 -> webapi-6  ] HEAD  200 1ms    /setup/
[2025-07-15T18:32:45,261Z] [0:0:0:0:0:0:0:1 -> webapi-7  ] HEAD  302 1ms    /
[2025-07-15T18:32:45,263Z] [0:0:0:0:0:0:0:1 -> webapi-6  ] HEAD  200 1ms    /setup/
[2025-07-15T18:33:15,343Z] [0:0:0:0:0:0:0:1 -> webapi-6  ] HEAD  302 3ms    /
[2025-07-15T18:33:15,348Z] [0:0:0:0:0:0:0:1 -> webapi-7  ] HEAD  200 3ms    /setup/
[2025-07-15T18:33:45,522Z] [0:0:0:0:0:0:0:1 -> webapi-6  ] HEAD  302 2ms    /
[2025-07-15T18:33:45,531Z] [0:0:0:0:0:0:0:1 -> webapi-6  ] HEAD  200 7ms    /setup/
[2025-07-15T18:34:15,731Z] [0:0:0:0:0:0:0:1 -> webapi-7  ] HEAD  302 3ms    /
[2025-07-15T18:34:15,736Z] [0:0:0:0:0:0:0:1 -> webapi-6  ] HEAD  200 3ms    /setup/
[2025-07-15T18:34:45,835Z] [0:0:0:0:0:0:0:1 -> webapi-6  ] HEAD  302 1ms    /
[2025-07-15T18:34:45,837Z] [0:0:0:0:0:0:0:1 -> webapi-6  ] HEAD  200 1ms    /setup/
[2025-07-15T18:35:15,914Z] [0:0:0:0:0:0:0:1 -> webapi-6  ] HEAD  302 1ms    /
[2025-07-15T18:35:15,916Z] [0:0:0:0:0:0:0:1 -> webapi-7  ] HEAD  200 1ms    /setup/
[2025-07-15T18:35:45,988Z] [0:0:0:0:0:0:0:1 -> webapi-6  ] HEAD  302 1ms    /
[2025-07-15T18:35:45,989Z] [0:0:0:0:0:0:0:1 -> webapi-7  ] HEAD  200 0ms    /setup/
[2025-07-15T18:36:16,110Z] [0:0:0:0:0:0:0:1 -> webapi-7  ] HEAD  302 1ms    /
[2025-07-15T18:36:16,112Z] [0:0:0:0:0:0:0:1 -> webapi-6  ] HEAD  200 1ms    /setup/
[2025-07-15T18:36:46,223Z] [0:0:0:0:0:0:0:1 -> webapi-7  ] HEAD  302 1ms    /
[2025-07-15T18:36:46,225Z] [0:0:0:0:0:0:0:1 -> webapi-6  ] HEAD  200 1ms    /setup/
[2025-07-15T18:37:16,296Z] [0:0:0:0:0:0:0:1 -> webapi-7  ] HEAD  302 1ms    /
[2025-07-15T18:37:16,298Z] [0:0:0:0:0:0:0:1 -> webapi-6  ] HEAD  200 1ms    /setup/
[2025-07-15T18:37:46,378Z] [0:0:0:0:0:0:0:1 -> webapi-7  ] HEAD  302 3ms    /
[2025-07-15T18:37:46,380Z] [0:0:0:0:0:0:0:1 -> webapi-6  ] HEAD  200 1ms    /setup/
[2025-07-15T18:38:16,448Z] [0:0:0:0:0:0:0:1 -> webapi-7  ] HEAD  302 1ms    /
[2025-07-15T18:38:16,450Z] [0:0:0:0:0:0:0:1 -> webapi-6  ] HEAD  200 1ms    /setup/
[2025-07-15T18:38:46,518Z] [0:0:0:0:0:0:0:1 -> webapi-6  ] HEAD  302 1ms    /
[2025-07-15T18:38:46,519Z] [0:0:0:0:0:0:0:1 -> webapi-7  ] HEAD  200 1ms    /setup/
[2025-07-15T18:39:16,588Z] [0:0:0:0:0:0:0:1 -> webapi-6  ] HEAD  302 1ms    /
[2025-07-15T18:39:16,590Z] [0:0:0:0:0:0:0:1 -> webapi-6  ] HEAD  200 1ms    /setup/
[2025-07-15T18:39:46,660Z] [0:0:0:0:0:0:0:1 -> webapi-6  ] HEAD  302 1ms    /
[2025-07-15T18:39:46,663Z] [0:0:0:0:0:0:0:1 -> webapi-7  ] HEAD  200 1ms    /setup/
[2025-07-15T18:40:16,738Z] [0:0:0:0:0:0:0:1 -> webapi-7  ] HEAD  302 1ms    /
[2025-07-15T18:40:16,740Z] [0:0:0:0:0:0:0:1 -> webapi-6  ] HEAD  200 1ms    /setup/
[2025-07-15T18:40:46,808Z] [0:0:0:0:0:0:0:1 -> webapi-7  ] HEAD  302 1ms    /
[2025-07-15T18:40:46,810Z] [0:0:0:0:0:0:0:1 -> webapi-6  ] HEAD  200 1ms    /setup/
[2025-07-15T18:41:16,879Z] [0:0:0:0:0:0:0:1 -> webapi-7  ] HEAD  302 1ms    /
[2025-07-15T18:41:16,881Z] [0:0:0:0:0:0:0:1 -> webapi-6  ] HEAD  200 1ms    /setup/
[2025-07-15T18:41:46,956Z] [0:0:0:0:0:0:0:1 -> webapi-7  ] HEAD  302 1ms    /
[2025-07-15T18:41:46,957Z] [0:0:0:0:0:0:0:1 -> webapi-6  ] HEAD  200 1ms    /setup/
[2025-07-15T18:42:17,041Z] [0:0:0:0:0:0:0:1 -> webapi-7  ] HEAD  302 1ms    /
[2025-07-15T18:42:17,043Z] [0:0:0:0:0:0:0:1 -> webapi-6  ] HEAD  200 1ms    /setup/
[2025-07-15T18:42:47,127Z] [0:0:0:0:0:0:0:1 -> webapi-7  ] HEAD  302 1ms    /
[2025-07-15T18:42:47,130Z] [0:0:0:0:0:0:0:1 -> webapi-6  ] HEAD  200 1ms    /setup/
[2025-07-15T18:43:17,198Z] [0:0:0:0:0:0:0:1 -> webapi-6  ] HEAD  302 1ms    /
[2025-07-15T18:43:17,200Z] [0:0:0:0:0:0:0:1 -> webapi-7  ] HEAD  200 1ms    /setup/
[2025-07-15T18:43:47,269Z] [0:0:0:0:0:0:0:1 -> webapi-7  ] HEAD  302 1ms    /
[2025-07-15T18:43:47,271Z] [0:0:0:0:0:0:0:1 -> webapi-6  ] HEAD  200 1ms    /setup/
[2025-07-15T18:44:17,361Z] [0:0:0:0:0:0:0:1 -> webapi-7  ] HEAD  302 1ms    /
[2025-07-15T18:44:17,363Z] [0:0:0:0:0:0:0:1 -> webapi-6  ] HEAD  200 1ms    /setup/
[2025-07-15T18:44:47,431Z] [0:0:0:0:0:0:0:1 -> webapi-7  ] HEAD  302 1ms    /
[2025-07-15T18:44:47,433Z] [0:0:0:0:0:0:0:1 -> webapi-7  ] HEAD  200 1ms    /setup/
[2025-07-15T18:45:17,499Z] [0:0:0:0:0:0:0:1 -> webapi-6  ] HEAD  302 1ms    /
[2025-07-15T18:45:17,501Z] [0:0:0:0:0:0:0:1 -> webapi-7  ] HEAD  200 1ms    /setup/
[2025-07-15T18:45:47,575Z] [0:0:0:0:0:0:0:1 -> webapi-6  ] HEAD  302 1ms    /
[2025-07-15T18:45:47,577Z] [0:0:0:0:0:0:0:1 -> webapi-7  ] HEAD  200 1ms    /setup/
[2025-07-15T18:46:17,647Z] [0:0:0:0:0:0:0:1 -> webapi-6  ] HEAD  302 1ms    /
[2025-07-15T18:46:17,649Z] [0:0:0:0:0:0:0:1 -> webapi-7  ] HEAD  200 1ms    /setup/
[2025-07-15T18:46:47,734Z] [0:0:0:0:0:0:0:1 -> webapi-7  ] HEAD  302 1ms    /
[2025-07-15T18:46:47,737Z] [0:0:0:0:0:0:0:1 -> webapi-6  ] HEAD  200 1ms    /setup/
[2025-07-15T18:47:17,806Z] [0:0:0:0:0:0:0:1 -> webapi-7  ] HEAD  302 1ms    /
[2025-07-15T18:47:17,808Z] [0:0:0:0:0:0:0:1 -> webapi-6  ] HEAD  200 1ms    /setup/
[2025-07-15T18:47:47,883Z] [0:0:0:0:0:0:0:1 -> webapi-7  ] HEAD  302 1ms    /
[2025-07-15T18:47:47,885Z] [0:0:0:0:0:0:0:1 -> webapi-6  ] HEAD  200 1ms    /setup/
[2025-07-15T18:48:17,998Z] [0:0:0:0:0:0:0:1 -> webapi-6  ] HEAD  302 1ms    /
[2025-07-15T18:48:18,000Z] [0:0:0:0:0:0:0:1 -> webapi-6  ] HEAD  200 1ms    /setup/
[2025-07-15T18:48:48,125Z] [0:0:0:0:0:0:0:1 -> webapi-6  ] HEAD  302 5ms    /
[2025-07-15T18:48:48,135Z] [0:0:0:0:0:0:0:1 -> webapi-7  ] HEAD  200 9ms    /setup/
[2025-07-15T18:49:18,237Z] [0:0:0:0:0:0:0:1 -> webapi-7  ] HEAD  302 1ms    /
[2025-07-15T18:49:18,239Z] [0:0:0:0:0:0:0:1 -> webapi-6  ] HEAD  200 1ms    /setup/
[2025-07-15T18:49:48,310Z] [0:0:0:0:0:0:0:1 -> webapi-6  ] HEAD  302 1ms    /
[2025-07-15T18:49:48,311Z] [0:0:0:0:0:0:0:1 -> webapi-7  ] HEAD  200 1ms    /setup/
[2025-07-15T18:50:18,394Z] [0:0:0:0:0:0:0:1 -> webapi-6  ] HEAD  302 1ms    /
[2025-07-15T18:50:18,396Z] [0:0:0:0:0:0:0:1 -> webapi-7  ] HEAD  200 1ms    /setup/
[2025-07-15T18:50:48,465Z] [0:0:0:0:0:0:0:1 -> webapi-7  ] HEAD  302 1ms    /
[2025-07-15T18:50:48,467Z] [0:0:0:0:0:0:0:1 -> webapi-6  ] HEAD  200 1ms    /setup/
[2025-07-15T18:51:18,559Z] [0:0:0:0:0:0:0:1 -> webapi-7  ] HEAD  302 1ms    /
[2025-07-15T18:51:18,561Z] [0:0:0:0:0:0:0:1 -> webapi-6  ] HEAD  200 1ms    /setup/
[2025-07-15T18:51:48,630Z] [0:0:0:0:0:0:0:1 -> webapi-7  ] HEAD  302 1ms    /
[2025-07-15T18:51:48,632Z] [0:0:0:0:0:0:0:1 -> webapi-6  ] HEAD  200 1ms    /setup/
[2025-07-15T18:52:18,705Z] [0:0:0:0:0:0:0:1 -> webapi-7  ] HEAD  302 1ms    /
[2025-07-15T18:52:18,707Z] [0:0:0:0:0:0:0:1 -> webapi-6  ] HEAD  200 1ms    /setup/
[2025-07-15T18:52:48,778Z] [0:0:0:0:0:0:0:1 -> webapi-7  ] HEAD  302 1ms    /
[2025-07-15T18:52:48,780Z] [0:0:0:0:0:0:0:1 -> webapi-6  ] HEAD  200 1ms    /setup/
[2025-07-15T18:53:18,877Z] [0:0:0:0:0:0:0:1 -> webapi-7  ] HEAD  302 1ms    /
[2025-07-15T18:53:18,879Z] [0:0:0:0:0:0:0:1 -> webapi-6  ] HEAD  200 1ms    /setup/
[2025-07-15T18:53:48,947Z] [0:0:0:0:0:0:0:1 -> webapi-7  ] HEAD  302 1ms    /
[2025-07-15T18:53:48,949Z] [0:0:0:0:0:0:0:1 -> webapi-6  ] HEAD  200 1ms    /setup/
[2025-07-15T18:54:19,020Z] [0:0:0:0:0:0:0:1 -> webapi-7  ] HEAD  302 1ms    /
[2025-07-15T18:54:19,023Z] [0:0:0:0:0:0:0:1 -> webapi-6  ] HEAD  200 1ms    /setup/
[2025-07-15T18:54:49,097Z] [0:0:0:0:0:0:0:1 -> webapi-6  ] HEAD  302 1ms    /
[2025-07-15T18:54:49,099Z] [0:0:0:0:0:0:0:1 -> webapi-7  ] HEAD  200 1ms    /setup/
[2025-07-15T18:55:19,167Z] [0:0:0:0:0:0:0:1 -> webapi-7  ] HEAD  302 1ms    /
[2025-07-15T18:55:19,168Z] [0:0:0:0:0:0:0:1 -> webapi-6  ] HEAD  200 1ms    /setup/
[2025-07-15T18:55:49,240Z] [0:0:0:0:0:0:0:1 -> webapi-6  ] HEAD  302 1ms    /
[2025-07-15T18:55:49,242Z] [0:0:0:0:0:0:0:1 -> webapi-7  ] HEAD  200 1ms    /setup/
[2025-07-15T18:56:19,316Z] [0:0:0:0:0:0:0:1 -> webapi-6  ] HEAD  302 1ms    /
[2025-07-15T18:56:19,317Z] [0:0:0:0:0:0:0:1 -> webapi-7  ] HEAD  200 1ms    /setup/
[2025-07-15T18:56:49,389Z] [0:0:0:0:0:0:0:1 -> webapi-7  ] HEAD  302 1ms    /
[2025-07-15T18:56:49,391Z] [0:0:0:0:0:0:0:1 -> webapi-6  ] HEAD  200 1ms    /setup/
[2025-07-15T18:57:19,460Z] [0:0:0:0:0:0:0:1 -> webapi-7  ] HEAD  302 1ms    /
[2025-07-15T18:57:19,463Z] [0:0:0:0:0:0:0:1 -> webapi-7  ] HEAD  200 2ms    /setup/
[2025-07-15T18:57:49,565Z] [0:0:0:0:0:0:0:1 -> webapi-6  ] HEAD  302 1ms    /
[2025-07-15T18:57:49,567Z] [0:0:0:0:0:0:0:1 -> webapi-7  ] HEAD  200 1ms    /setup/
[2025-07-15T18:58:19,657Z] [0:0:0:0:0:0:0:1 -> webapi-6  ] HEAD  302 1ms    /
[2025-07-15T18:58:19,661Z] [0:0:0:0:0:0:0:1 -> webapi-7  ] HEAD  200 3ms    /setup/
[2025-07-15T18:58:49,743Z] [0:0:0:0:0:0:0:1 -> webapi-7  ] HEAD  302 1ms    /
[2025-07-15T18:58:49,745Z] [0:0:0:0:0:0:0:1 -> webapi-6  ] HEAD  200 1ms    /setup/
[2025-07-15T18:59:19,829Z] [0:0:0:0:0:0:0:1 -> webapi-6  ] HEAD  302 1ms    /
[2025-07-15T18:59:19,833Z] [0:0:0:0:0:0:0:1 -> webapi-7  ] HEAD  200 3ms    /setup/
[2025-07-15T18:59:49,904Z] [0:0:0:0:0:0:0:1 -> webapi-6  ] HEAD  302 1ms    /
[2025-07-15T18:59:49,907Z] [0:0:0:0:0:0:0:1 -> webapi-7  ] HEAD  200 1ms    /setup/
[2025-07-15T19:00:19,986Z] [0:0:0:0:0:0:0:1 -> webapi-6  ] HEAD  302 7ms    /
[2025-07-15T19:00:19,990Z] [0:0:0:0:0:0:0:1 -> webapi-7  ] HEAD  200 2ms    /setup/
[2025-07-15T19:00:50,110Z] [0:0:0:0:0:0:0:1 -> webapi-6  ] HEAD  302 1ms    /
[2025-07-15T19:00:50,114Z] [0:0:0:0:0:0:0:1 -> webapi-7  ] HEAD  200 2ms    /setup/
[2025-07-15T19:01:20,193Z] [0:0:0:0:0:0:0:1 -> webapi-6  ] HEAD  302 1ms    /
[2025-07-15T19:01:20,195Z] [0:0:0:0:0:0:0:1 -> webapi-7  ] HEAD  200 1ms    /setup/
[2025-07-15T19:01:50,263Z] [0:0:0:0:0:0:0:1 -> webapi-7  ] HEAD  302 1ms    /
[2025-07-15T19:01:50,266Z] [0:0:0:0:0:0:0:1 -> webapi-6  ] HEAD  200 2ms    /setup/
[2025-07-15T19:02:20,337Z] [0:0:0:0:0:0:0:1 -> webapi-6  ] HEAD  302 1ms    /
[2025-07-15T19:02:20,338Z] [0:0:0:0:0:0:0:1 -> webapi-7  ] HEAD  200 1ms    /setup/
[2025-07-15T19:02:50,405Z] [0:0:0:0:0:0:0:1 -> webapi-6  ] HEAD  302 1ms    /
[2025-07-15T19:02:50,407Z] [0:0:0:0:0:0:0:1 -> webapi-7  ] HEAD  200 1ms    /setup/
[2025-07-15T19:03:20,476Z] [0:0:0:0:0:0:0:1 -> webapi-7  ] HEAD  302 1ms    /
[2025-07-15T19:03:20,478Z] [0:0:0:0:0:0:0:1 -> webapi-6  ] HEAD  200 2ms    /setup/
[2025-07-15T19:03:50,545Z] [0:0:0:0:0:0:0:1 -> webapi-7  ] HEAD  302 1ms    /
[2025-07-15T19:03:50,547Z] [0:0:0:0:0:0:0:1 -> webapi-6  ] HEAD  200 1ms    /setup/
[2025-07-15T19:04:20,616Z] [0:0:0:0:0:0:0:1 -> webapi-7  ] HEAD  302 1ms    /
[2025-07-15T19:04:20,618Z] [0:0:0:0:0:0:0:1 -> webapi-6  ] HEAD  200 1ms    /setup/
[2025-07-15T19:04:50,725Z] [0:0:0:0:0:0:0:1 -> webapi-7  ] HEAD  302 1ms    /
[2025-07-15T19:04:50,728Z] [0:0:0:0:0:0:0:1 -> webapi-6  ] HEAD  200 2ms    /setup/
[2025-07-15T19:05:20,803Z] [0:0:0:0:0:0:0:1 -> webapi-7  ] HEAD  302 1ms    /
[2025-07-15T19:05:20,805Z] [0:0:0:0:0:0:0:1 -> webapi-6  ] HEAD  200 1ms    /setup/
[2025-07-15T19:05:50,872Z] [0:0:0:0:0:0:0:1 -> webapi-7  ] HEAD  302 1ms    /
[2025-07-15T19:05:50,874Z] [0:0:0:0:0:0:0:1 -> webapi-6  ] HEAD  200 2ms    /setup/
[2025-07-15T19:06:20,944Z] [0:0:0:0:0:0:0:1 -> webapi-7  ] HEAD  302 1ms    /
[2025-07-15T19:06:20,945Z] [0:0:0:0:0:0:0:1 -> webapi-7  ] HEAD  200 1ms    /setup/
[2025-07-15T19:06:51,064Z] [0:0:0:0:0:0:0:1 -> webapi-6  ] HEAD  302 1ms    /
[2025-07-15T19:06:51,066Z] [0:0:0:0:0:0:0:1 -> webapi-7  ] HEAD  200 1ms    /setup/
[2025-07-15T19:07:21,136Z] [0:0:0:0:0:0:0:1 -> webapi-6  ] HEAD  302 1ms    /
[2025-07-15T19:07:21,138Z] [0:0:0:0:0:0:0:1 -> webapi-7  ] HEAD  200 1ms    /setup/
[2025-07-15T19:07:51,212Z] [0:0:0:0:0:0:0:1 -> webapi-6  ] HEAD  302 1ms    /
[2025-07-15T19:07:51,213Z] [0:0:0:0:0:0:0:1 -> webapi-7  ] HEAD  200 1ms    /setup/
[2025-07-15T19:08:21,281Z] [0:0:0:0:0:0:0:1 -> webapi-7  ] HEAD  302 1ms    /
[2025-07-15T19:08:21,283Z] [0:0:0:0:0:0:0:1 -> webapi-6  ] HEAD  200 1ms    /setup/
[2025-07-15T19:08:51,354Z] [0:0:0:0:0:0:0:1 -> webapi-6  ] HEAD  302 1ms    /
[2025-07-15T19:08:51,356Z] [0:0:0:0:0:0:0:1 -> webapi-7  ] HEAD  200 1ms    /setup/
[2025-07-15T19:09:21,429Z] [0:0:0:0:0:0:0:1 -> webapi-6  ] HEAD  302 1ms    /
[2025-07-15T19:09:21,431Z] [0:0:0:0:0:0:0:1 -> webapi-7  ] HEAD  200 1ms    /setup/
[2025-07-15T19:09:51,535Z] [0:0:0:0:0:0:0:1 -> webapi-9  ] HEAD  302 1ms    /
[2025-07-15T19:09:51,539Z] [0:0:0:0:0:0:0:1 -> webapi-9  ] HEAD  200 3ms    /setup/
[2025-07-15T19:10:21,647Z] [0:0:0:0:0:0:0:1 -> webapi-7  ] HEAD  302 1ms    /
[2025-07-15T19:10:21,650Z] [0:0:0:0:0:0:0:1 -> webapi-9  ] HEAD  200 2ms    /setup/
[2025-07-15T19:10:51,717Z] [0:0:0:0:0:0:0:1 -> webapi-9  ] HEAD  302 1ms    /
[2025-07-15T19:10:51,721Z] [0:0:0:0:0:0:0:1 -> webapi-7  ] HEAD  200 3ms    /setup/
[2025-07-15T19:11:21,799Z] [0:0:0:0:0:0:0:1 -> webapi-9  ] HEAD  302 1ms    /
[2025-07-15T19:11:21,800Z] [0:0:0:0:0:0:0:1 -> webapi-7  ] HEAD  200 1ms    /setup/
[2025-07-15T19:11:51,871Z] [0:0:0:0:0:0:0:1 -> webapi-9  ] HEAD  302 1ms    /
[2025-07-15T19:11:51,873Z] [0:0:0:0:0:0:0:1 -> webapi-7  ] HEAD  200 1ms    /setup/
[2025-07-15T19:12:21,939Z] [0:0:0:0:0:0:0:1 -> webapi-7  ] HEAD  302 1ms    /
[2025-07-15T19:12:21,941Z] [0:0:0:0:0:0:0:1 -> webapi-9  ] HEAD  200 1ms    /setup/
[2025-07-15T19:12:52,007Z] [0:0:0:0:0:0:0:1 -> webapi-7  ] HEAD  302 1ms    /
[2025-07-15T19:12:52,009Z] [0:0:0:0:0:0:0:1 -> webapi-7  ] HEAD  200 1ms    /setup/
[2025-07-15T19:13:22,100Z] [0:0:0:0:0:0:0:1 -> webapi-9  ] HEAD  302 1ms    /
[2025-07-15T19:13:22,102Z] [0:0:0:0:0:0:0:1 -> webapi-7  ] HEAD  200 1ms    /setup/
[2025-07-15T19:13:52,173Z] [0:0:0:0:0:0:0:1 -> webapi-7  ] HEAD  302 1ms    /
[2025-07-15T19:13:52,174Z] [0:0:0:0:0:0:0:1 -> webapi-10 ] HEAD  200 1ms    /setup/
[2025-07-15T19:14:22,240Z] [0:0:0:0:0:0:0:1 -> webapi-7  ] HEAD  302 1ms    /
[2025-07-15T19:14:22,241Z] [0:0:0:0:0:0:0:1 -> webapi-10 ] HEAD  200 1ms    /setup/
[2025-07-15T19:14:52,309Z] [0:0:0:0:0:0:0:1 -> webapi-7  ] HEAD  302 1ms    /
[2025-07-15T19:14:52,311Z] [0:0:0:0:0:0:0:1 -> webapi-10 ] HEAD  200 1ms    /setup/
[2025-07-15T19:15:22,379Z] [0:0:0:0:0:0:0:1 -> webapi-7  ] HEAD  302 1ms    /
[2025-07-15T19:15:22,382Z] [0:0:0:0:0:0:0:1 -> webapi-10 ] HEAD  200 1ms    /setup/
[2025-07-15T19:15:52,479Z] [0:0:0:0:0:0:0:1 -> webapi-10 ] HEAD  302 1ms    /
[2025-07-15T19:15:52,481Z] [0:0:0:0:0:0:0:1 -> webapi-10 ] HEAD  200 1ms    /setup/
[2025-07-15T19:16:22,557Z] [0:0:0:0:0:0:0:1 -> webapi-10 ] HEAD  302 1ms    /
[2025-07-15T19:16:22,559Z] [0:0:0:0:0:0:0:1 -> webapi-7  ] HEAD  200 1ms    /setup/
[2025-07-15T19:16:52,659Z] [0:0:0:0:0:0:0:1 -> webapi-10 ] HEAD  302 1ms    /
[2025-07-15T19:16:52,661Z] [0:0:0:0:0:0:0:1 -> webapi-7  ] HEAD  200 1ms    /setup/
[2025-07-15T19:17:22,733Z] [0:0:0:0:0:0:0:1 -> webapi-7  ] HEAD  302 1ms    /
[2025-07-15T19:17:22,734Z] [0:0:0:0:0:0:0:1 -> webapi-10 ] HEAD  200 1ms    /setup/
[2025-07-15T19:17:52,801Z] [0:0:0:0:0:0:0:1 -> webapi-7  ] HEAD  302 1ms    /
[2025-07-15T19:17:52,802Z] [0:0:0:0:0:0:0:1 -> webapi-10 ] HEAD  200 1ms    /setup/
[2025-07-15T19:18:22,879Z] [0:0:0:0:0:0:0:1 -> webapi-7  ] HEAD  302 1ms    /
[2025-07-15T19:18:22,881Z] [0:0:0:0:0:0:0:1 -> webapi-10 ] HEAD  200 1ms    /setup/
[2025-07-15T19:18:52,951Z] [0:0:0:0:0:0:0:1 -> webapi-7  ] HEAD  302 1ms    /
[2025-07-15T19:18:52,953Z] [0:0:0:0:0:0:0:1 -> webapi-10 ] HEAD  200 1ms    /setup/
[2025-07-15T19:19:23,019Z] [0:0:0:0:0:0:0:1 -> webapi-10 ] HEAD  302 1ms    /
[2025-07-15T19:19:23,021Z] [0:0:0:0:0:0:0:1 -> webapi-7  ] HEAD  200 1ms    /setup/
[2025-07-15T19:19:53,099Z] [0:0:0:0:0:0:0:1 -> webapi-7  ] HEAD  302 1ms    /
[2025-07-15T19:19:53,104Z] [0:0:0:0:0:0:0:1 -> webapi-7  ] HEAD  200 4ms    /setup/
[2025-07-15T19:20:23,172Z] [0:0:0:0:0:0:0:1 -> webapi-10 ] HEAD  302 1ms    /
[2025-07-15T19:20:23,174Z] [0:0:0:0:0:0:0:1 -> webapi-7  ] HEAD  200 1ms    /setup/
[2025-07-15T19:20:53,242Z] [0:0:0:0:0:0:0:1 -> webapi-10 ] HEAD  302 1ms    /
[2025-07-15T19:20:53,243Z] [0:0:0:0:0:0:0:1 -> webapi-7  ] HEAD  200 1ms    /setup/
[2025-07-15T19:21:23,322Z] [0:0:0:0:0:0:0:1 -> webapi-7  ] HEAD  302 1ms    /
[2025-07-15T19:21:23,324Z] [0:0:0:0:0:0:0:1 -> webapi-10 ] HEAD  200 1ms    /setup/
[2025-07-15T19:21:53,417Z] [0:0:0:0:0:0:0:1 -> webapi-7  ] HEAD  302 1ms    /
[2025-07-15T19:21:53,418Z] [0:0:0:0:0:0:0:1 -> webapi-10 ] HEAD  200 1ms    /setup/
[2025-07-15T19:22:23,514Z] [0:0:0:0:0:0:0:1 -> webapi-10 ] HEAD  302 1ms    /
[2025-07-15T19:22:23,516Z] [0:0:0:0:0:0:0:1 -> webapi-7  ] HEAD  200 1ms    /setup/
[2025-07-15T19:22:53,583Z] [0:0:0:0:0:0:0:1 -> webapi-10 ] HEAD  302 1ms    /
[2025-07-15T19:22:53,585Z] [0:0:0:0:0:0:0:1 -> webapi-7  ] HEAD  200 1ms    /setup/
[2025-07-15T19:23:23,654Z] [0:0:0:0:0:0:0:1 -> webapi-7  ] HEAD  302 1ms    /
[2025-07-15T19:23:23,655Z] [0:0:0:0:0:0:0:1 -> webapi-10 ] HEAD  200 1ms    /setup/
[2025-07-15T19:23:53,790Z] [0:0:0:0:0:0:0:1 -> webapi-7  ] HEAD  302 8ms    /
[2025-07-15T19:23:53,803Z] [0:0:0:0:0:0:0:1 -> webapi-10 ] HEAD  200 4ms    /setup/
[2025-07-15T19:24:23,871Z] [0:0:0:0:0:0:0:1 -> webapi-7  ] HEAD  302 1ms    /
[2025-07-15T19:24:23,873Z] [0:0:0:0:0:0:0:1 -> webapi-10 ] HEAD  200 1ms    /setup/
[2025-07-15T19:24:53,943Z] [0:0:0:0:0:0:0:1 -> webapi-10 ] HEAD  302 1ms    /
[2025-07-15T19:24:53,945Z] [0:0:0:0:0:0:0:1 -> webapi-7  ] HEAD  200 1ms    /setup/
[2025-07-15T19:25:24,013Z] [0:0:0:0:0:0:0:1 -> webapi-10 ] HEAD  302 1ms    /
[2025-07-15T19:25:24,015Z] [0:0:0:0:0:0:0:1 -> webapi-7  ] HEAD  200 1ms    /setup/
[2025-07-15T19:25:54,081Z] [0:0:0:0:0:0:0:1 -> webapi-10 ] HEAD  302 1ms    /
[2025-07-15T19:25:54,083Z] [0:0:0:0:0:0:0:1 -> webapi-7  ] HEAD  200 1ms    /setup/
[2025-07-15T19:26:24,153Z] [0:0:0:0:0:0:0:1 -> webapi-7  ] HEAD  302 1ms    /
[2025-07-15T19:26:24,155Z] [0:0:0:0:0:0:0:1 -> webapi-10 ] HEAD  200 1ms    /setup/
[2025-07-15T19:26:54,225Z] [0:0:0:0:0:0:0:1 -> webapi-10 ] HEAD  302 1ms    /
[2025-07-15T19:26:54,226Z] [0:0:0:0:0:0:0:1 -> webapi-7  ] HEAD  200 1ms    /setup/
[2025-07-15T19:27:24,302Z] [0:0:0:0:0:0:0:1 -> webapi-7  ] HEAD  302 1ms    /
[2025-07-15T19:27:24,303Z] [0:0:0:0:0:0:0:1 -> webapi-10 ] HEAD  200 1ms    /setup/
[2025-07-15T19:27:54,396Z] [0:0:0:0:0:0:0:1 -> webapi-7  ] HEAD  302 1ms    /
[2025-07-15T19:27:54,398Z] [0:0:0:0:0:0:0:1 -> webapi-10 ] HEAD  200 1ms    /setup/
[2025-07-15T19:28:24,470Z] [0:0:0:0:0:0:0:1 -> webapi-7  ] HEAD  302 1ms    /
[2025-07-15T19:28:24,471Z] [0:0:0:0:0:0:0:1 -> webapi-10 ] HEAD  200 1ms    /setup/
[2025-07-15T19:28:54,537Z] [0:0:0:0:0:0:0:1 -> webapi-7  ] HEAD  302 1ms    /
[2025-07-15T19:28:54,538Z] [0:0:0:0:0:0:0:1 -> webapi-10 ] HEAD  200 1ms    /setup/
[2025-07-15T19:29:24,663Z] [0:0:0:0:0:0:0:1 -> webapi-10 ] HEAD  302 1ms    /
[2025-07-15T19:29:24,665Z] [0:0:0:0:0:0:0:1 -> webapi-7  ] HEAD  200 1ms    /setup/
[2025-07-15T19:29:54,739Z] [0:0:0:0:0:0:0:1 -> webapi-7  ] HEAD  302 1ms    /
[2025-07-15T19:29:54,741Z] [0:0:0:0:0:0:0:1 -> webapi-10 ] HEAD  200 1ms    /setup/
[2025-07-15T19:30:24,810Z] [0:0:0:0:0:0:0:1 -> webapi-7  ] HEAD  302 1ms    /
[2025-07-15T19:30:24,812Z] [0:0:0:0:0:0:0:1 -> webapi-10 ] HEAD  200 1ms    /setup/
[2025-07-15T19:30:54,885Z] [0:0:0:0:0:0:0:1 -> webapi-10 ] HEAD  302 1ms    /
[2025-07-15T19:30:54,887Z] [0:0:0:0:0:0:0:1 -> webapi-7  ] HEAD  200 1ms    /setup/
[2025-07-15T19:31:24,958Z] [0:0:0:0:0:0:0:1 -> webapi-10 ] HEAD  302 1ms    /
[2025-07-15T19:31:24,960Z] [0:0:0:0:0:0:0:1 -> webapi-7  ] HEAD  200 1ms    /setup/
[2025-07-15T19:31:49,529Z] [     172.18.0.1 -> inform-1  ] GET   302 0ms    /
[2025-07-15T19:31:55,029Z] [0:0:0:0:0:0:0:1 -> webapi-7  ] HEAD  302 1ms    /
[2025-07-15T19:31:55,031Z] [0:0:0:0:0:0:0:1 -> webapi-10 ] HEAD  200 1ms    /setup/
[2025-07-15T19:31:56,835Z] [     172.18.0.1 -> inform-1  ] GET   302 0ms    /
[2025-07-15T19:32:25,099Z] [0:0:0:0:0:0:0:1 -> webapi-7  ] HEAD  302 1ms    /
[2025-07-15T19:32:25,100Z] [0:0:0:0:0:0:0:1 -> webapi-10 ] HEAD  200 1ms    /setup/
[2025-07-15T19:32:55,184Z] [0:0:0:0:0:0:0:1 -> webapi-7  ] HEAD  302 1ms    /
[2025-07-15T19:32:55,186Z] [0:0:0:0:0:0:0:1 -> webapi-10 ] HEAD  200 1ms    /setup/
[2025-07-15T19:33:25,292Z] [0:0:0:0:0:0:0:1 -> webapi-7  ] HEAD  302 5ms    /
[2025-07-15T19:33:25,297Z] [0:0:0:0:0:0:0:1 -> webapi-10 ] HEAD  200 1ms    /setup/
[2025-07-15T19:33:55,364Z] [0:0:0:0:0:0:0:1 -> webapi-7  ] HEAD  302 1ms    /
[2025-07-15T19:33:55,366Z] [0:0:0:0:0:0:0:1 -> webapi-10 ] HEAD  200 1ms    /setup/
[2025-07-15T19:34:25,471Z] [0:0:0:0:0:0:0:1 -> webapi-7  ] HEAD  302 1ms    /
[2025-07-15T19:34:25,477Z] [0:0:0:0:0:0:0:1 -> webapi-10 ] HEAD  200 5ms    /setup/
[2025-07-15T19:34:55,548Z] [0:0:0:0:0:0:0:1 -> webapi-7  ] HEAD  302 1ms    /
[2025-07-15T19:34:55,550Z] [0:0:0:0:0:0:0:1 -> webapi-10 ] HEAD  200 1ms    /setup/
[2025-07-15T19:35:25,618Z] [0:0:0:0:0:0:0:1 -> webapi-10 ] HEAD  302 1ms    /
[2025-07-15T19:35:25,620Z] [0:0:0:0:0:0:0:1 -> webapi-7  ] HEAD  200 1ms    /setup/
[2025-07-15T19:35:55,733Z] [0:0:0:0:0:0:0:1 -> webapi-10 ] HEAD  302 4ms    /
[2025-07-15T19:35:55,739Z] [0:0:0:0:0:0:0:1 -> webapi-7  ] HEAD  200 4ms    /setup/
[2025-07-15T19:36:25,831Z] [0:0:0:0:0:0:0:1 -> webapi-10 ] HEAD  302 1ms    /
[2025-07-15T19:36:25,834Z] [0:0:0:0:0:0:0:1 -> webapi-7  ] HEAD  200 2ms    /setup/
[2025-07-15T19:36:55,921Z] [0:0:0:0:0:0:0:1 -> webapi-10 ] HEAD  302 1ms    /
[2025-07-15T19:36:55,923Z] [0:0:0:0:0:0:0:1 -> webapi-7  ] HEAD  200 1ms    /setup/
[2025-07-15T19:37:25,989Z] [0:0:0:0:0:0:0:1 -> webapi-10 ] HEAD  302 1ms    /
[2025-07-15T19:37:25,991Z] [0:0:0:0:0:0:0:1 -> webapi-7  ] HEAD  200 1ms    /setup/
[2025-07-15T19:37:56,058Z] [0:0:0:0:0:0:0:1 -> webapi-10 ] HEAD  302 1ms    /
[2025-07-15T19:37:56,059Z] [0:0:0:0:0:0:0:1 -> webapi-7  ] HEAD  200 0ms    /setup/
[2025-07-15T19:38:26,132Z] [0:0:0:0:0:0:0:1 -> webapi-7  ] HEAD  302 0ms    /
[2025-07-15T19:38:26,134Z] [0:0:0:0:0:0:0:1 -> webapi-10 ] HEAD  200 1ms    /setup/
[2025-07-15T19:38:56,202Z] [0:0:0:0:0:0:0:1 -> webapi-10 ] HEAD  302 1ms    /
[2025-07-15T19:38:56,205Z] [0:0:0:0:0:0:0:1 -> webapi-7  ] HEAD  200 1ms    /setup/
[2025-07-15T19:39:26,334Z] [0:0:0:0:0:0:0:1 -> webapi-7  ] HEAD  302 3ms    /
[2025-07-15T19:39:26,336Z] [0:0:0:0:0:0:0:1 -> webapi-10 ] HEAD  200 1ms    /setup/
[2025-07-15T19:39:56,404Z] [0:0:0:0:0:0:0:1 -> webapi-7  ] HEAD  302 1ms    /
[2025-07-15T19:39:56,406Z] [0:0:0:0:0:0:0:1 -> webapi-10 ] HEAD  200 1ms    /setup/
[2025-07-15T19:40:26,499Z] [0:0:0:0:0:0:0:1 -> webapi-10 ] HEAD  302 1ms    /
[2025-07-15T19:40:26,501Z] [0:0:0:0:0:0:0:1 -> webapi-7  ] HEAD  200 1ms    /setup/
[2025-07-15T19:40:56,571Z] [0:0:0:0:0:0:0:1 -> webapi-10 ] HEAD  302 1ms    /
[2025-07-15T19:40:56,572Z] [0:0:0:0:0:0:0:1 -> webapi-7  ] HEAD  200 0ms    /setup/
[2025-07-15T19:41:26,641Z] [0:0:0:0:0:0:0:1 -> webapi-10 ] HEAD  302 1ms    /
[2025-07-15T19:41:26,642Z] [0:0:0:0:0:0:0:1 -> webapi-7  ] HEAD  200 1ms    /setup/
[2025-07-15T19:41:56,726Z] [0:0:0:0:0:0:0:1 -> webapi-7  ] HEAD  302 1ms    /
[2025-07-15T19:41:56,728Z] [0:0:0:0:0:0:0:1 -> webapi-10 ] HEAD  200 0ms    /setup/
[2025-07-15T19:42:26,802Z] [0:0:0:0:0:0:0:1 -> webapi-10 ] HEAD  302 1ms    /
[2025-07-15T19:42:26,804Z] [0:0:0:0:0:0:0:1 -> webapi-10 ] HEAD  200 1ms    /setup/
[2025-07-15T19:42:56,871Z] [0:0:0:0:0:0:0:1 -> webapi-7  ] HEAD  302 1ms    /
[2025-07-15T19:42:56,872Z] [0:0:0:0:0:0:0:1 -> webapi-10 ] HEAD  200 1ms    /setup/
[2025-07-15T19:43:26,944Z] [0:0:0:0:0:0:0:1 -> webapi-7  ] HEAD  302 1ms    /
[2025-07-15T19:43:26,946Z] [0:0:0:0:0:0:0:1 -> webapi-10 ] HEAD  200 1ms    /setup/
[2025-07-15T19:43:57,031Z] [0:0:0:0:0:0:0:1 -> webapi-7  ] HEAD  302 1ms    /
[2025-07-15T19:43:57,033Z] [0:0:0:0:0:0:0:1 -> webapi-10 ] HEAD  200 1ms    /setup/
[2025-07-15T19:44:27,103Z] [0:0:0:0:0:0:0:1 -> webapi-7  ] HEAD  302 1ms    /
[2025-07-15T19:44:27,105Z] [0:0:0:0:0:0:0:1 -> webapi-7  ] HEAD  200 1ms    /setup/
[2025-07-15T19:44:57,198Z] [0:0:0:0:0:0:0:1 -> webapi-10 ] HEAD  302 1ms    /
[2025-07-15T19:44:57,200Z] [0:0:0:0:0:0:0:1 -> webapi-10 ] HEAD  200 1ms    /setup/
[2025-07-15T19:45:27,270Z] [0:0:0:0:0:0:0:1 -> webapi-10 ] HEAD  302 1ms    /
[2025-07-15T19:45:27,272Z] [0:0:0:0:0:0:0:1 -> webapi-7  ] HEAD  200 1ms    /setup/
[2025-07-15T19:45:57,359Z] [0:0:0:0:0:0:0:1 -> webapi-10 ] HEAD  302 1ms    /
[2025-07-15T19:45:57,361Z] [0:0:0:0:0:0:0:1 -> webapi-7  ] HEAD  200 1ms    /setup/
[2025-07-15T19:46:27,448Z] [0:0:0:0:0:0:0:1 -> webapi-10 ] HEAD  302 1ms    /
[2025-07-15T19:46:27,449Z] [0:0:0:0:0:0:0:1 -> webapi-7  ] HEAD  200 1ms    /setup/
[2025-07-15T19:46:57,538Z] [0:0:0:0:0:0:0:1 -> webapi-10 ] HEAD  302 1ms    /
[2025-07-15T19:46:57,540Z] [0:0:0:0:0:0:0:1 -> webapi-7  ] HEAD  200 1ms    /setup/
[2025-07-15T19:47:27,615Z] [0:0:0:0:0:0:0:1 -> webapi-10 ] HEAD  302 1ms    /
[2025-07-15T19:47:27,618Z] [0:0:0:0:0:0:0:1 -> webapi-7  ] HEAD  200 1ms    /setup/
[2025-07-15T19:47:57,684Z] [0:0:0:0:0:0:0:1 -> webapi-10 ] HEAD  302 1ms    /
[2025-07-15T19:47:57,685Z] [0:0:0:0:0:0:0:1 -> webapi-7  ] HEAD  200 0ms    /setup/
[2025-07-15T19:48:27,752Z] [0:0:0:0:0:0:0:1 -> webapi-10 ] HEAD  302 1ms    /
[2025-07-15T19:48:27,754Z] [0:0:0:0:0:0:0:1 -> webapi-7  ] HEAD  200 1ms    /setup/
[2025-07-15T19:48:57,821Z] [0:0:0:0:0:0:0:1 -> webapi-10 ] HEAD  302 1ms    /
[2025-07-15T19:48:57,822Z] [0:0:0:0:0:0:0:1 -> webapi-7  ] HEAD  200 0ms    /setup/
[2025-07-15T19:49:27,894Z] [0:0:0:0:0:0:0:1 -> webapi-10 ] HEAD  302 1ms    /
[2025-07-15T19:49:27,896Z] [0:0:0:0:0:0:0:1 -> webapi-7  ] HEAD  200 1ms    /setup/
[2025-07-15T19:49:57,964Z] [0:0:0:0:0:0:0:1 -> webapi-10 ] HEAD  302 1ms    /
[2025-07-15T19:49:57,966Z] [0:0:0:0:0:0:0:1 -> webapi-7  ] HEAD  200 0ms    /setup/
[2025-07-15T19:50:28,034Z] [0:0:0:0:0:0:0:1 -> webapi-10 ] HEAD  302 0ms    /
[2025-07-15T19:50:28,035Z] [0:0:0:0:0:0:0:1 -> webapi-7  ] HEAD  200 1ms    /setup/
[2025-07-15T19:50:58,101Z] [0:0:0:0:0:0:0:1 -> webapi-7  ] HEAD  302 1ms    /
[2025-07-15T19:50:58,103Z] [0:0:0:0:0:0:0:1 -> webapi-10 ] HEAD  200 1ms    /setup/
[2025-07-15T19:51:28,183Z] [0:0:0:0:0:0:0:1 -> webapi-10 ] HEAD  302 1ms    /
[2025-07-15T19:51:28,184Z] [0:0:0:0:0:0:0:1 -> webapi-7  ] HEAD  200 0ms    /setup/
[2025-07-15T19:51:58,251Z] [0:0:0:0:0:0:0:1 -> webapi-10 ] HEAD  302 0ms    /
[2025-07-15T19:51:58,253Z] [0:0:0:0:0:0:0:1 -> webapi-10 ] HEAD  200 0ms    /setup/
[2025-07-15T19:52:28,320Z] [0:0:0:0:0:0:0:1 -> webapi-7  ] HEAD  302 1ms    /
[2025-07-15T19:52:28,322Z] [0:0:0:0:0:0:0:1 -> webapi-10 ] HEAD  200 1ms    /setup/
[2025-07-15T19:52:58,392Z] [0:0:0:0:0:0:0:1 -> webapi-10 ] HEAD  302 1ms    /
[2025-07-15T19:52:58,394Z] [0:0:0:0:0:0:0:1 -> webapi-10 ] HEAD  200 1ms    /setup/
[2025-07-15T19:53:28,485Z] [0:0:0:0:0:0:0:1 -> webapi-10 ] HEAD  302 1ms    /
[2025-07-15T19:53:28,488Z] [0:0:0:0:0:0:0:1 -> webapi-7  ] HEAD  200 1ms    /setup/
[2025-07-15T19:53:58,576Z] [0:0:0:0:0:0:0:1 -> webapi-10 ] HEAD  302 0ms    /
[2025-07-15T19:53:58,578Z] [0:0:0:0:0:0:0:1 -> webapi-7  ] HEAD  200 1ms    /setup/
[2025-07-15T19:54:28,656Z] [0:0:0:0:0:0:0:1 -> webapi-7  ] HEAD  302 0ms    /
[2025-07-15T19:54:28,658Z] [0:0:0:0:0:0:0:1 -> webapi-10 ] HEAD  200 1ms    /setup/
[2025-07-15T19:54:58,733Z] [0:0:0:0:0:0:0:1 -> webapi-10 ] HEAD  302 1ms    /
[2025-07-15T19:54:58,735Z] [0:0:0:0:0:0:0:1 -> webapi-7  ] HEAD  200 1ms    /setup/
[2025-07-15T19:55:28,809Z] [0:0:0:0:0:0:0:1 -> webapi-10 ] HEAD  302 1ms    /
[2025-07-15T19:55:28,810Z] [0:0:0:0:0:0:0:1 -> webapi-7  ] HEAD  200 1ms    /setup/
